[0.133s] DEBUG:colcon:Command line arguments: ['/usr/bin/colcon', 'build', '--packages-select', 'polygon_base', 'polygon_plugins']
[0.133s] DEBUG:colcon:Parsed command line arguments: Namespace(log_base=None, log_level=None, verb_name='build', build_base='build', install_base='install', merge_install=False, symlink_install=False, test_result_base=None, continue_on_error=False, executor='parallel', parallel_workers=20, event_handlers=None, ignore_user_meta=False, metas=['./colcon.meta'], base_paths=['.'], packages_ignore=None, packages_ignore_regex=None, paths=None, packages_up_to=None, packages_up_to_regex=None, packages_above=None, packages_above_and_dependencies=None, packages_above_depth=None, packages_select_by_dep=None, packages_skip_by_dep=None, packages_skip_up_to=None, packages_select_build_failed=False, packages_skip_build_finished=False, packages_select_test_failures=False, packages_skip_test_passed=False, packages_select=['polygon_base', 'polygon_plugins'], packages_skip=None, packages_select_regex=None, packages_skip_regex=None, packages_start=None, packages_end=None, allow_overriding=[], cmake_args=None, cmake_target=None, cmake_target_skip_unavailable=False, cmake_clean_cache=False, cmake_clean_first=False, cmake_force_configure=False, ament_cmake_args=None, catkin_cmake_args=None, catkin_skip_building_tests=False, mixin_files=None, mixin=None, verb_parser=<colcon_mixin.mixin.mixin_argument.MixinArgumentDecorator object at 0x7adc97a51060>, verb_extension=<colcon_core.verb.build.BuildVerb object at 0x7adc97a50a60>, main=<bound method BuildVerb.main of <colcon_core.verb.build.BuildVerb object at 0x7adc97a50a60>>, mixin_verb=('build',))
[0.325s] Level 1:colcon.colcon_core.package_discovery:discover_packages(colcon_meta) check parameters
[0.325s] Level 1:colcon.colcon_core.package_discovery:discover_packages(recursive) check parameters
[0.325s] Level 1:colcon.colcon_core.package_discovery:discover_packages(ignore) check parameters
[0.325s] Level 1:colcon.colcon_core.package_discovery:discover_packages(path) check parameters
[0.325s] Level 1:colcon.colcon_core.package_discovery:discover_packages(colcon_meta) discover
[0.325s] Level 1:colcon.colcon_core.package_discovery:discover_packages(recursive) discover
[0.325s] INFO:colcon.colcon_core.package_discovery:Crawling recursively for packages in '/home/paul/ros2_ws/src'
[0.325s] Level 1:colcon.colcon_core.package_identification:_identify(.) by extensions ['ignore', 'ignore_ament_install']
[0.325s] Level 1:colcon.colcon_core.package_identification:_identify(.) by extension 'ignore'
[0.325s] Level 1:colcon.colcon_core.package_identification:_identify(.) by extension 'ignore_ament_install'
[0.325s] Level 1:colcon.colcon_core.package_identification:_identify(.) by extensions ['colcon_pkg']
[0.325s] Level 1:colcon.colcon_core.package_identification:_identify(.) by extension 'colcon_pkg'
[0.325s] Level 1:colcon.colcon_core.package_identification:_identify(.) by extensions ['colcon_meta']
[0.325s] Level 1:colcon.colcon_core.package_identification:_identify(.) by extension 'colcon_meta'
[0.325s] Level 1:colcon.colcon_core.package_identification:_identify(.) by extensions ['ros']
[0.325s] Level 1:colcon.colcon_core.package_identification:_identify(.) by extension 'ros'
[0.338s] Level 1:colcon.colcon_core.package_identification:_identify(.) by extensions ['cmake', 'python']
[0.338s] Level 1:colcon.colcon_core.package_identification:_identify(.) by extension 'cmake'
[0.338s] Level 1:colcon.colcon_core.package_identification:_identify(.) by extension 'python'
[0.338s] Level 1:colcon.colcon_core.package_identification:_identify(.) by extensions ['python_setup_py']
[0.338s] Level 1:colcon.colcon_core.package_identification:_identify(.) by extension 'python_setup_py'
[0.338s] Level 1:colcon.colcon_core.package_identification:_identify(build) by extensions ['ignore', 'ignore_ament_install']
[0.338s] Level 1:colcon.colcon_core.package_identification:_identify(build) by extension 'ignore'
[0.338s] Level 1:colcon.colcon_core.package_identification:_identify(build) ignored
[0.338s] Level 1:colcon.colcon_core.package_identification:_identify(cpp_parameters) by extensions ['ignore', 'ignore_ament_install']
[0.339s] Level 1:colcon.colcon_core.package_identification:_identify(cpp_parameters) by extension 'ignore'
[0.339s] Level 1:colcon.colcon_core.package_identification:_identify(cpp_parameters) by extension 'ignore_ament_install'
[0.339s] Level 1:colcon.colcon_core.package_identification:_identify(cpp_parameters) by extensions ['colcon_pkg']
[0.339s] Level 1:colcon.colcon_core.package_identification:_identify(cpp_parameters) by extension 'colcon_pkg'
[0.339s] Level 1:colcon.colcon_core.package_identification:_identify(cpp_parameters) by extensions ['colcon_meta']
[0.339s] Level 1:colcon.colcon_core.package_identification:_identify(cpp_parameters) by extension 'colcon_meta'
[0.339s] Level 1:colcon.colcon_core.package_identification:_identify(cpp_parameters) by extensions ['ros']
[0.339s] Level 1:colcon.colcon_core.package_identification:_identify(cpp_parameters) by extension 'ros'
[0.341s] DEBUG:colcon.colcon_core.package_identification:Package 'cpp_parameters' with type 'ros.ament_cmake' and name 'cpp_parameters'
[0.342s] Level 1:colcon.colcon_core.package_identification:_identify(cpp_pubsub) by extensions ['ignore', 'ignore_ament_install']
[0.342s] Level 1:colcon.colcon_core.package_identification:_identify(cpp_pubsub) by extension 'ignore'
[0.342s] Level 1:colcon.colcon_core.package_identification:_identify(cpp_pubsub) by extension 'ignore_ament_install'
[0.342s] Level 1:colcon.colcon_core.package_identification:_identify(cpp_pubsub) by extensions ['colcon_pkg']
[0.342s] Level 1:colcon.colcon_core.package_identification:_identify(cpp_pubsub) by extension 'colcon_pkg'
[0.342s] Level 1:colcon.colcon_core.package_identification:_identify(cpp_pubsub) by extensions ['colcon_meta']
[0.342s] Level 1:colcon.colcon_core.package_identification:_identify(cpp_pubsub) by extension 'colcon_meta'
[0.342s] Level 1:colcon.colcon_core.package_identification:_identify(cpp_pubsub) by extensions ['ros']
[0.342s] Level 1:colcon.colcon_core.package_identification:_identify(cpp_pubsub) by extension 'ros'
[0.343s] DEBUG:colcon.colcon_core.package_identification:Package 'cpp_pubsub' with type 'ros.ament_cmake' and name 'cpp_pubsub'
[0.343s] Level 1:colcon.colcon_core.package_identification:_identify(cpp_srvcli) by extensions ['ignore', 'ignore_ament_install']
[0.343s] Level 1:colcon.colcon_core.package_identification:_identify(cpp_srvcli) by extension 'ignore'
[0.343s] Level 1:colcon.colcon_core.package_identification:_identify(cpp_srvcli) by extension 'ignore_ament_install'
[0.343s] Level 1:colcon.colcon_core.package_identification:_identify(cpp_srvcli) by extensions ['colcon_pkg']
[0.343s] Level 1:colcon.colcon_core.package_identification:_identify(cpp_srvcli) by extension 'colcon_pkg'
[0.343s] Level 1:colcon.colcon_core.package_identification:_identify(cpp_srvcli) by extensions ['colcon_meta']
[0.343s] Level 1:colcon.colcon_core.package_identification:_identify(cpp_srvcli) by extension 'colcon_meta'
[0.343s] Level 1:colcon.colcon_core.package_identification:_identify(cpp_srvcli) by extensions ['ros']
[0.343s] Level 1:colcon.colcon_core.package_identification:_identify(cpp_srvcli) by extension 'ros'
[0.344s] DEBUG:colcon.colcon_core.package_identification:Package 'cpp_srvcli' with type 'ros.ament_cmake' and name 'cpp_srvcli'
[0.344s] Level 1:colcon.colcon_core.package_identification:_identify(install) by extensions ['ignore', 'ignore_ament_install']
[0.344s] Level 1:colcon.colcon_core.package_identification:_identify(install) by extension 'ignore'
[0.344s] Level 1:colcon.colcon_core.package_identification:_identify(install) ignored
[0.344s] Level 1:colcon.colcon_core.package_identification:_identify(log) by extensions ['ignore', 'ignore_ament_install']
[0.344s] Level 1:colcon.colcon_core.package_identification:_identify(log) by extension 'ignore'
[0.344s] Level 1:colcon.colcon_core.package_identification:_identify(log) ignored
[0.344s] Level 1:colcon.colcon_core.package_identification:_identify(more_interfaces) by extensions ['ignore', 'ignore_ament_install']
[0.344s] Level 1:colcon.colcon_core.package_identification:_identify(more_interfaces) by extension 'ignore'
[0.345s] Level 1:colcon.colcon_core.package_identification:_identify(more_interfaces) by extension 'ignore_ament_install'
[0.345s] Level 1:colcon.colcon_core.package_identification:_identify(more_interfaces) by extensions ['colcon_pkg']
[0.345s] Level 1:colcon.colcon_core.package_identification:_identify(more_interfaces) by extension 'colcon_pkg'
[0.345s] Level 1:colcon.colcon_core.package_identification:_identify(more_interfaces) by extensions ['colcon_meta']
[0.345s] Level 1:colcon.colcon_core.package_identification:_identify(more_interfaces) by extension 'colcon_meta'
[0.345s] Level 1:colcon.colcon_core.package_identification:_identify(more_interfaces) by extensions ['ros']
[0.345s] Level 1:colcon.colcon_core.package_identification:_identify(more_interfaces) by extension 'ros'
[0.345s] DEBUG:colcon.colcon_core.package_identification:Package 'more_interfaces' with type 'ros.ament_cmake' and name 'more_interfaces'
[0.345s] Level 1:colcon.colcon_core.package_identification:_identify(my_package) by extensions ['ignore', 'ignore_ament_install']
[0.345s] Level 1:colcon.colcon_core.package_identification:_identify(my_package) by extension 'ignore'
[0.345s] Level 1:colcon.colcon_core.package_identification:_identify(my_package) by extension 'ignore_ament_install'
[0.346s] Level 1:colcon.colcon_core.package_identification:_identify(my_package) by extensions ['colcon_pkg']
[0.346s] Level 1:colcon.colcon_core.package_identification:_identify(my_package) by extension 'colcon_pkg'
[0.346s] Level 1:colcon.colcon_core.package_identification:_identify(my_package) by extensions ['colcon_meta']
[0.346s] Level 1:colcon.colcon_core.package_identification:_identify(my_package) by extension 'colcon_meta'
[0.346s] Level 1:colcon.colcon_core.package_identification:_identify(my_package) by extensions ['ros']
[0.346s] Level 1:colcon.colcon_core.package_identification:_identify(my_package) by extension 'ros'
[0.346s] DEBUG:colcon.colcon_core.package_identification:Package 'my_package' with type 'ros.ament_cmake' and name 'my_package'
[0.346s] Level 1:colcon.colcon_core.package_identification:_identify(polygon_base) by extensions ['ignore', 'ignore_ament_install']
[0.346s] Level 1:colcon.colcon_core.package_identification:_identify(polygon_base) by extension 'ignore'
[0.346s] Level 1:colcon.colcon_core.package_identification:_identify(polygon_base) by extension 'ignore_ament_install'
[0.346s] Level 1:colcon.colcon_core.package_identification:_identify(polygon_base) by extensions ['colcon_pkg']
[0.346s] Level 1:colcon.colcon_core.package_identification:_identify(polygon_base) by extension 'colcon_pkg'
[0.347s] Level 1:colcon.colcon_core.package_identification:_identify(polygon_base) by extensions ['colcon_meta']
[0.347s] Level 1:colcon.colcon_core.package_identification:_identify(polygon_base) by extension 'colcon_meta'
[0.347s] Level 1:colcon.colcon_core.package_identification:_identify(polygon_base) by extensions ['ros']
[0.347s] Level 1:colcon.colcon_core.package_identification:_identify(polygon_base) by extension 'ros'
[0.347s] DEBUG:colcon.colcon_core.package_identification:Package 'polygon_base' with type 'ros.ament_cmake' and name 'polygon_base'
[0.347s] Level 1:colcon.colcon_core.package_identification:_identify(polygon_plugins) by extensions ['ignore', 'ignore_ament_install']
[0.347s] Level 1:colcon.colcon_core.package_identification:_identify(polygon_plugins) by extension 'ignore'
[0.347s] Level 1:colcon.colcon_core.package_identification:_identify(polygon_plugins) by extension 'ignore_ament_install'
[0.347s] Level 1:colcon.colcon_core.package_identification:_identify(polygon_plugins) by extensions ['colcon_pkg']
[0.348s] Level 1:colcon.colcon_core.package_identification:_identify(polygon_plugins) by extension 'colcon_pkg'
[0.348s] Level 1:colcon.colcon_core.package_identification:_identify(polygon_plugins) by extensions ['colcon_meta']
[0.348s] Level 1:colcon.colcon_core.package_identification:_identify(polygon_plugins) by extension 'colcon_meta'
[0.348s] Level 1:colcon.colcon_core.package_identification:_identify(polygon_plugins) by extensions ['ros']
[0.348s] Level 1:colcon.colcon_core.package_identification:_identify(polygon_plugins) by extension 'ros'
[0.348s] DEBUG:colcon.colcon_core.package_identification:Package 'polygon_plugins' with type 'ros.ament_cmake' and name 'polygon_plugins'
[0.348s] Level 1:colcon.colcon_core.package_identification:_identify(py_pubsub) by extensions ['ignore', 'ignore_ament_install']
[0.348s] Level 1:colcon.colcon_core.package_identification:_identify(py_pubsub) by extension 'ignore'
[0.349s] Level 1:colcon.colcon_core.package_identification:_identify(py_pubsub) by extension 'ignore_ament_install'
[0.349s] Level 1:colcon.colcon_core.package_identification:_identify(py_pubsub) by extensions ['colcon_pkg']
[0.349s] Level 1:colcon.colcon_core.package_identification:_identify(py_pubsub) by extension 'colcon_pkg'
[0.349s] Level 1:colcon.colcon_core.package_identification:_identify(py_pubsub) by extensions ['colcon_meta']
[0.349s] Level 1:colcon.colcon_core.package_identification:_identify(py_pubsub) by extension 'colcon_meta'
[0.349s] Level 1:colcon.colcon_core.package_identification:_identify(py_pubsub) by extensions ['ros']
[0.349s] Level 1:colcon.colcon_core.package_identification:_identify(py_pubsub) by extension 'ros'
[0.350s] DEBUG:colcon.colcon_core.package_identification:Package 'py_pubsub' with type 'ros.ament_python' and name 'py_pubsub'
[0.351s] Level 1:colcon.colcon_core.package_identification:_identify(ros_tutorials) by extensions ['ignore', 'ignore_ament_install']
[0.351s] Level 1:colcon.colcon_core.package_identification:_identify(ros_tutorials) by extension 'ignore'
[0.351s] Level 1:colcon.colcon_core.package_identification:_identify(ros_tutorials) by extension 'ignore_ament_install'
[0.351s] Level 1:colcon.colcon_core.package_identification:_identify(ros_tutorials) by extensions ['colcon_pkg']
[0.351s] Level 1:colcon.colcon_core.package_identification:_identify(ros_tutorials) by extension 'colcon_pkg'
[0.351s] Level 1:colcon.colcon_core.package_identification:_identify(ros_tutorials) by extensions ['colcon_meta']
[0.351s] Level 1:colcon.colcon_core.package_identification:_identify(ros_tutorials) by extension 'colcon_meta'
[0.351s] Level 1:colcon.colcon_core.package_identification:_identify(ros_tutorials) by extensions ['ros']
[0.351s] Level 1:colcon.colcon_core.package_identification:_identify(ros_tutorials) by extension 'ros'
[0.351s] Level 1:colcon.colcon_core.package_identification:_identify(ros_tutorials) by extensions ['cmake', 'python']
[0.351s] Level 1:colcon.colcon_core.package_identification:_identify(ros_tutorials) by extension 'cmake'
[0.351s] Level 1:colcon.colcon_core.package_identification:_identify(ros_tutorials) by extension 'python'
[0.351s] Level 1:colcon.colcon_core.package_identification:_identify(ros_tutorials) by extensions ['python_setup_py']
[0.351s] Level 1:colcon.colcon_core.package_identification:_identify(ros_tutorials) by extension 'python_setup_py'
[0.351s] Level 1:colcon.colcon_core.package_identification:_identify(ros_tutorials/ros_tutorials) by extensions ['ignore', 'ignore_ament_install']
[0.351s] Level 1:colcon.colcon_core.package_identification:_identify(ros_tutorials/ros_tutorials) by extension 'ignore'
[0.351s] Level 1:colcon.colcon_core.package_identification:_identify(ros_tutorials/ros_tutorials) ignored
[0.352s] Level 1:colcon.colcon_core.package_identification:_identify(ros_tutorials/roscpp_tutorials) by extensions ['ignore', 'ignore_ament_install']
[0.352s] Level 1:colcon.colcon_core.package_identification:_identify(ros_tutorials/roscpp_tutorials) by extension 'ignore'
[0.352s] Level 1:colcon.colcon_core.package_identification:_identify(ros_tutorials/roscpp_tutorials) ignored
[0.352s] Level 1:colcon.colcon_core.package_identification:_identify(ros_tutorials/rospy_tutorials) by extensions ['ignore', 'ignore_ament_install']
[0.352s] Level 1:colcon.colcon_core.package_identification:_identify(ros_tutorials/rospy_tutorials) by extension 'ignore'
[0.352s] Level 1:colcon.colcon_core.package_identification:_identify(ros_tutorials/rospy_tutorials) ignored
[0.352s] Level 1:colcon.colcon_core.package_identification:_identify(ros_tutorials/turtlesim) by extensions ['ignore', 'ignore_ament_install']
[0.352s] Level 1:colcon.colcon_core.package_identification:_identify(ros_tutorials/turtlesim) by extension 'ignore'
[0.352s] Level 1:colcon.colcon_core.package_identification:_identify(ros_tutorials/turtlesim) by extension 'ignore_ament_install'
[0.352s] Level 1:colcon.colcon_core.package_identification:_identify(ros_tutorials/turtlesim) by extensions ['colcon_pkg']
[0.352s] Level 1:colcon.colcon_core.package_identification:_identify(ros_tutorials/turtlesim) by extension 'colcon_pkg'
[0.352s] Level 1:colcon.colcon_core.package_identification:_identify(ros_tutorials/turtlesim) by extensions ['colcon_meta']
[0.352s] Level 1:colcon.colcon_core.package_identification:_identify(ros_tutorials/turtlesim) by extension 'colcon_meta'
[0.352s] Level 1:colcon.colcon_core.package_identification:_identify(ros_tutorials/turtlesim) by extensions ['ros']
[0.352s] Level 1:colcon.colcon_core.package_identification:_identify(ros_tutorials/turtlesim) by extension 'ros'
[0.354s] DEBUG:colcon.colcon_core.package_identification:Package 'ros_tutorials/turtlesim' with type 'ros.ament_cmake' and name 'turtlesim'
[0.354s] Level 1:colcon.colcon_core.package_identification:_identify(tutorial_interfaces) by extensions ['ignore', 'ignore_ament_install']
[0.354s] Level 1:colcon.colcon_core.package_identification:_identify(tutorial_interfaces) by extension 'ignore'
[0.354s] Level 1:colcon.colcon_core.package_identification:_identify(tutorial_interfaces) by extension 'ignore_ament_install'
[0.354s] Level 1:colcon.colcon_core.package_identification:_identify(tutorial_interfaces) by extensions ['colcon_pkg']
[0.354s] Level 1:colcon.colcon_core.package_identification:_identify(tutorial_interfaces) by extension 'colcon_pkg'
[0.354s] Level 1:colcon.colcon_core.package_identification:_identify(tutorial_interfaces) by extensions ['colcon_meta']
[0.354s] Level 1:colcon.colcon_core.package_identification:_identify(tutorial_interfaces) by extension 'colcon_meta'
[0.354s] Level 1:colcon.colcon_core.package_identification:_identify(tutorial_interfaces) by extensions ['ros']
[0.354s] Level 1:colcon.colcon_core.package_identification:_identify(tutorial_interfaces) by extension 'ros'
[0.355s] DEBUG:colcon.colcon_core.package_identification:Package 'tutorial_interfaces' with type 'ros.ament_cmake' and name 'tutorial_interfaces'
[0.355s] Level 1:colcon.colcon_core.package_discovery:discover_packages(recursive) using defaults
[0.355s] Level 1:colcon.colcon_core.package_discovery:discover_packages(ignore) discover
[0.355s] Level 1:colcon.colcon_core.package_discovery:discover_packages(ignore) using defaults
[0.355s] Level 1:colcon.colcon_core.package_discovery:discover_packages(path) discover
[0.355s] Level 1:colcon.colcon_core.package_discovery:discover_packages(path) using defaults
[0.394s] INFO:colcon.colcon_core.package_selection:Skipping not selected package 'cpp_parameters' in 'cpp_parameters'
[0.395s] INFO:colcon.colcon_core.package_selection:Skipping not selected package 'more_interfaces' in 'more_interfaces'
[0.395s] INFO:colcon.colcon_core.package_selection:Skipping not selected package 'my_package' in 'my_package'
[0.395s] INFO:colcon.colcon_core.package_selection:Skipping not selected package 'py_pubsub' in 'py_pubsub'
[0.395s] INFO:colcon.colcon_core.package_selection:Skipping not selected package 'turtlesim' in 'ros_tutorials/turtlesim'
[0.395s] INFO:colcon.colcon_core.package_selection:Skipping not selected package 'tutorial_interfaces' in 'tutorial_interfaces'
[0.395s] INFO:colcon.colcon_core.package_selection:Skipping not selected package 'cpp_pubsub' in 'cpp_pubsub'
[0.395s] INFO:colcon.colcon_core.package_selection:Skipping not selected package 'cpp_srvcli' in 'cpp_srvcli'
[0.395s] Level 1:colcon.colcon_core.package_discovery:discover_packages(prefix_path) check parameters
[0.395s] Level 1:colcon.colcon_core.package_discovery:discover_packages(prefix_path) discover
[0.398s] DEBUG:colcon.colcon_installed_package_information.package_discovery:Found 22 installed packages in /media/paul/nes/dev/ros2_ws_examples/install
[0.400s] DEBUG:colcon.colcon_installed_package_information.package_discovery:Found 323 installed packages in /opt/ros/humble
[0.402s] Level 1:colcon.colcon_core.package_discovery:discover_packages(prefix_path) using defaults
[0.448s] Level 5:colcon.colcon_core.verb:set package 'polygon_base' build argument 'cmake_args' from command line to 'None'
[0.448s] Level 5:colcon.colcon_core.verb:set package 'polygon_base' build argument 'cmake_target' from command line to 'None'
[0.448s] Level 5:colcon.colcon_core.verb:set package 'polygon_base' build argument 'cmake_target_skip_unavailable' from command line to 'False'
[0.448s] Level 5:colcon.colcon_core.verb:set package 'polygon_base' build argument 'cmake_clean_cache' from command line to 'False'
[0.448s] Level 5:colcon.colcon_core.verb:set package 'polygon_base' build argument 'cmake_clean_first' from command line to 'False'
[0.448s] Level 5:colcon.colcon_core.verb:set package 'polygon_base' build argument 'cmake_force_configure' from command line to 'False'
[0.448s] Level 5:colcon.colcon_core.verb:set package 'polygon_base' build argument 'ament_cmake_args' from command line to 'None'
[0.448s] Level 5:colcon.colcon_core.verb:set package 'polygon_base' build argument 'catkin_cmake_args' from command line to 'None'
[0.448s] Level 5:colcon.colcon_core.verb:set package 'polygon_base' build argument 'catkin_skip_building_tests' from command line to 'False'
[0.448s] DEBUG:colcon.colcon_core.verb:Building package 'polygon_base' with the following arguments: {'ament_cmake_args': None, 'build_base': '/home/paul/ros2_ws/src/build/polygon_base', 'catkin_cmake_args': None, 'catkin_skip_building_tests': False, 'cmake_args': None, 'cmake_clean_cache': False, 'cmake_clean_first': False, 'cmake_force_configure': False, 'cmake_target': None, 'cmake_target_skip_unavailable': False, 'install_base': '/home/paul/ros2_ws/src/install/polygon_base', 'merge_install': False, 'path': '/home/paul/ros2_ws/src/polygon_base', 'symlink_install': False, 'test_result_base': None}
[0.448s] Level 5:colcon.colcon_core.verb:set package 'polygon_plugins' build argument 'cmake_args' from command line to 'None'
[0.448s] Level 5:colcon.colcon_core.verb:set package 'polygon_plugins' build argument 'cmake_target' from command line to 'None'
[0.448s] Level 5:colcon.colcon_core.verb:set package 'polygon_plugins' build argument 'cmake_target_skip_unavailable' from command line to 'False'
[0.448s] Level 5:colcon.colcon_core.verb:set package 'polygon_plugins' build argument 'cmake_clean_cache' from command line to 'False'
[0.448s] Level 5:colcon.colcon_core.verb:set package 'polygon_plugins' build argument 'cmake_clean_first' from command line to 'False'
[0.448s] Level 5:colcon.colcon_core.verb:set package 'polygon_plugins' build argument 'cmake_force_configure' from command line to 'False'
[0.448s] Level 5:colcon.colcon_core.verb:set package 'polygon_plugins' build argument 'ament_cmake_args' from command line to 'None'
[0.448s] Level 5:colcon.colcon_core.verb:set package 'polygon_plugins' build argument 'catkin_cmake_args' from command line to 'None'
[0.448s] Level 5:colcon.colcon_core.verb:set package 'polygon_plugins' build argument 'catkin_skip_building_tests' from command line to 'False'
[0.448s] DEBUG:colcon.colcon_core.verb:Building package 'polygon_plugins' with the following arguments: {'ament_cmake_args': None, 'build_base': '/home/paul/ros2_ws/src/build/polygon_plugins', 'catkin_cmake_args': None, 'catkin_skip_building_tests': False, 'cmake_args': None, 'cmake_clean_cache': False, 'cmake_clean_first': False, 'cmake_force_configure': False, 'cmake_target': None, 'cmake_target_skip_unavailable': False, 'install_base': '/home/paul/ros2_ws/src/install/polygon_plugins', 'merge_install': False, 'path': '/home/paul/ros2_ws/src/polygon_plugins', 'symlink_install': False, 'test_result_base': None}
[0.449s] INFO:colcon.colcon_core.executor:Executing jobs using 'parallel' executor
[0.450s] DEBUG:colcon.colcon_parallel_executor.executor.parallel:run_until_complete
[0.450s] INFO:colcon.colcon_ros.task.ament_cmake.build:Building ROS package in '/home/paul/ros2_ws/src/polygon_base' with build type 'ament_cmake'
[0.450s] INFO:colcon.colcon_cmake.task.cmake.build:Building CMake package in '/home/paul/ros2_ws/src/polygon_base'
[0.453s] INFO:colcon.colcon_core.plugin_system:Skipping extension 'colcon_core.shell.bat': Not used on non-Windows systems
[0.453s] INFO:colcon.colcon_core.shell:Skip shell extension 'powershell' for command environment: Not usable outside of PowerShell
[0.453s] DEBUG:colcon.colcon_core.shell:Skip shell extension 'dsv' for command environment
[0.467s] DEBUG:colcon.colcon_core.event_handler.log_command:Invoking command in '/home/paul/ros2_ws/src/build/polygon_base': CMAKE_PREFIX_PATH=${CMAKE_PREFIX_PATH}:/media/paul/nes/dev/ros2_ws_examples/install/launch_testing_examples:/media/paul/nes/dev/ros2_ws_examples/install/examples_rclpy_pointcloud_publisher:/media/paul/nes/dev/ros2_ws_examples/install/examples_rclpy_minimal_subscriber:/media/paul/nes/dev/ros2_ws_examples/install/examples_rclpy_minimal_service:/media/paul/nes/dev/ros2_ws_examples/install/examples_rclpy_minimal_publisher:/media/paul/nes/dev/ros2_ws_examples/install/examples_rclpy_minimal_client:/media/paul/nes/dev/ros2_ws_examples/install/examples_rclpy_minimal_action_server:/media/paul/nes/dev/ros2_ws_examples/install/examples_rclpy_minimal_action_client:/media/paul/nes/dev/ros2_ws_examples/install/examples_rclpy_guard_conditions:/media/paul/nes/dev/ros2_ws_examples/install/examples_rclpy_executors:/opt/ros/humble /usr/bin/cmake --build /home/paul/ros2_ws/src/build/polygon_base -- -j20 -l20
[4.168s] DEBUG:colcon.colcon_core.event_handler.log_command:Invoked command in '/home/paul/ros2_ws/src/build/polygon_base' returned '0': CMAKE_PREFIX_PATH=${CMAKE_PREFIX_PATH}:/media/paul/nes/dev/ros2_ws_examples/install/launch_testing_examples:/media/paul/nes/dev/ros2_ws_examples/install/examples_rclpy_pointcloud_publisher:/media/paul/nes/dev/ros2_ws_examples/install/examples_rclpy_minimal_subscriber:/media/paul/nes/dev/ros2_ws_examples/install/examples_rclpy_minimal_service:/media/paul/nes/dev/ros2_ws_examples/install/examples_rclpy_minimal_publisher:/media/paul/nes/dev/ros2_ws_examples/install/examples_rclpy_minimal_client:/media/paul/nes/dev/ros2_ws_examples/install/examples_rclpy_minimal_action_server:/media/paul/nes/dev/ros2_ws_examples/install/examples_rclpy_minimal_action_client:/media/paul/nes/dev/ros2_ws_examples/install/examples_rclpy_guard_conditions:/media/paul/nes/dev/ros2_ws_examples/install/examples_rclpy_executors:/opt/ros/humble /usr/bin/cmake --build /home/paul/ros2_ws/src/build/polygon_base -- -j20 -l20
[4.181s] DEBUG:colcon.colcon_core.event_handler.log_command:Invoking command in '/home/paul/ros2_ws/src/build/polygon_base': CMAKE_PREFIX_PATH=${CMAKE_PREFIX_PATH}:/media/paul/nes/dev/ros2_ws_examples/install/launch_testing_examples:/media/paul/nes/dev/ros2_ws_examples/install/examples_rclpy_pointcloud_publisher:/media/paul/nes/dev/ros2_ws_examples/install/examples_rclpy_minimal_subscriber:/media/paul/nes/dev/ros2_ws_examples/install/examples_rclpy_minimal_service:/media/paul/nes/dev/ros2_ws_examples/install/examples_rclpy_minimal_publisher:/media/paul/nes/dev/ros2_ws_examples/install/examples_rclpy_minimal_client:/media/paul/nes/dev/ros2_ws_examples/install/examples_rclpy_minimal_action_server:/media/paul/nes/dev/ros2_ws_examples/install/examples_rclpy_minimal_action_client:/media/paul/nes/dev/ros2_ws_examples/install/examples_rclpy_guard_conditions:/media/paul/nes/dev/ros2_ws_examples/install/examples_rclpy_executors:/opt/ros/humble /usr/bin/cmake --install /home/paul/ros2_ws/src/build/polygon_base
[4.197s] Level 1:colcon.colcon_core.environment:create_environment_scripts_only(polygon_base)
[4.198s] DEBUG:colcon.colcon_core.event_handler.log_command:Invoked command in '/home/paul/ros2_ws/src/build/polygon_base' returned '0': CMAKE_PREFIX_PATH=${CMAKE_PREFIX_PATH}:/media/paul/nes/dev/ros2_ws_examples/install/launch_testing_examples:/media/paul/nes/dev/ros2_ws_examples/install/examples_rclpy_pointcloud_publisher:/media/paul/nes/dev/ros2_ws_examples/install/examples_rclpy_minimal_subscriber:/media/paul/nes/dev/ros2_ws_examples/install/examples_rclpy_minimal_service:/media/paul/nes/dev/ros2_ws_examples/install/examples_rclpy_minimal_publisher:/media/paul/nes/dev/ros2_ws_examples/install/examples_rclpy_minimal_client:/media/paul/nes/dev/ros2_ws_examples/install/examples_rclpy_minimal_action_server:/media/paul/nes/dev/ros2_ws_examples/install/examples_rclpy_minimal_action_client:/media/paul/nes/dev/ros2_ws_examples/install/examples_rclpy_guard_conditions:/media/paul/nes/dev/ros2_ws_examples/install/examples_rclpy_executors:/opt/ros/humble /usr/bin/cmake --install /home/paul/ros2_ws/src/build/polygon_base
[4.203s] Level 1:colcon.colcon_core.environment:checking '/home/paul/ros2_ws/src/install/polygon_base' for CMake module files
[4.204s] Level 1:colcon.colcon_core.environment:checking '/home/paul/ros2_ws/src/install/polygon_base' for CMake config files
[4.205s] Level 1:colcon.colcon_core.shell:create_environment_hook('polygon_base', 'cmake_prefix_path')
[4.205s] INFO:colcon.colcon_core.shell:Creating environment hook '/home/paul/ros2_ws/src/install/polygon_base/share/polygon_base/hook/cmake_prefix_path.ps1'
[4.206s] INFO:colcon.colcon_core.shell:Creating environment descriptor '/home/paul/ros2_ws/src/install/polygon_base/share/polygon_base/hook/cmake_prefix_path.dsv'
[4.207s] INFO:colcon.colcon_core.shell:Creating environment hook '/home/paul/ros2_ws/src/install/polygon_base/share/polygon_base/hook/cmake_prefix_path.sh'
[4.208s] Level 1:colcon.colcon_core.environment:checking '/home/paul/ros2_ws/src/install/polygon_base/lib'
[4.208s] Level 1:colcon.colcon_core.environment:checking '/home/paul/ros2_ws/src/install/polygon_base/bin'
[4.209s] Level 1:colcon.colcon_core.environment:checking '/home/paul/ros2_ws/src/install/polygon_base/lib/pkgconfig/polygon_base.pc'
[4.209s] Level 1:colcon.colcon_core.environment:checking '/home/paul/ros2_ws/src/install/polygon_base/lib/python3.10/site-packages'
[4.210s] Level 1:colcon.colcon_core.environment:checking '/home/paul/ros2_ws/src/install/polygon_base/bin'
[4.210s] INFO:colcon.colcon_core.shell:Creating package script '/home/paul/ros2_ws/src/install/polygon_base/share/polygon_base/package.ps1'
[4.211s] INFO:colcon.colcon_core.shell:Creating package descriptor '/home/paul/ros2_ws/src/install/polygon_base/share/polygon_base/package.dsv'
[4.212s] INFO:colcon.colcon_core.shell:Creating package script '/home/paul/ros2_ws/src/install/polygon_base/share/polygon_base/package.sh'
[4.213s] INFO:colcon.colcon_core.shell:Creating package script '/home/paul/ros2_ws/src/install/polygon_base/share/polygon_base/package.bash'
[4.214s] INFO:colcon.colcon_core.shell:Creating package script '/home/paul/ros2_ws/src/install/polygon_base/share/polygon_base/package.zsh'
[4.215s] Level 1:colcon.colcon_core.environment:create_file_with_runtime_dependencies(/home/paul/ros2_ws/src/install/polygon_base/share/colcon-core/packages/polygon_base)
[4.215s] Level 1:colcon.colcon_core.environment:create_environment_scripts_only(polygon_base)
[4.216s] Level 1:colcon.colcon_core.environment:checking '/home/paul/ros2_ws/src/install/polygon_base' for CMake module files
[4.216s] Level 1:colcon.colcon_core.environment:checking '/home/paul/ros2_ws/src/install/polygon_base' for CMake config files
[4.217s] Level 1:colcon.colcon_core.shell:create_environment_hook('polygon_base', 'cmake_prefix_path')
[4.217s] INFO:colcon.colcon_core.shell:Creating environment hook '/home/paul/ros2_ws/src/install/polygon_base/share/polygon_base/hook/cmake_prefix_path.ps1'
[4.217s] INFO:colcon.colcon_core.shell:Creating environment descriptor '/home/paul/ros2_ws/src/install/polygon_base/share/polygon_base/hook/cmake_prefix_path.dsv'
[4.218s] INFO:colcon.colcon_core.shell:Creating environment hook '/home/paul/ros2_ws/src/install/polygon_base/share/polygon_base/hook/cmake_prefix_path.sh'
[4.218s] Level 1:colcon.colcon_core.environment:checking '/home/paul/ros2_ws/src/install/polygon_base/lib'
[4.218s] Level 1:colcon.colcon_core.environment:checking '/home/paul/ros2_ws/src/install/polygon_base/bin'
[4.219s] Level 1:colcon.colcon_core.environment:checking '/home/paul/ros2_ws/src/install/polygon_base/lib/pkgconfig/polygon_base.pc'
[4.219s] Level 1:colcon.colcon_core.environment:checking '/home/paul/ros2_ws/src/install/polygon_base/lib/python3.10/site-packages'
[4.219s] Level 1:colcon.colcon_core.environment:checking '/home/paul/ros2_ws/src/install/polygon_base/bin'
[4.220s] INFO:colcon.colcon_core.shell:Creating package script '/home/paul/ros2_ws/src/install/polygon_base/share/polygon_base/package.ps1'
[4.220s] INFO:colcon.colcon_core.shell:Creating package descriptor '/home/paul/ros2_ws/src/install/polygon_base/share/polygon_base/package.dsv'
[4.221s] INFO:colcon.colcon_core.shell:Creating package script '/home/paul/ros2_ws/src/install/polygon_base/share/polygon_base/package.sh'
[4.221s] INFO:colcon.colcon_core.shell:Creating package script '/home/paul/ros2_ws/src/install/polygon_base/share/polygon_base/package.bash'
[4.222s] INFO:colcon.colcon_core.shell:Creating package script '/home/paul/ros2_ws/src/install/polygon_base/share/polygon_base/package.zsh'
[4.223s] Level 1:colcon.colcon_core.environment:create_file_with_runtime_dependencies(/home/paul/ros2_ws/src/install/polygon_base/share/colcon-core/packages/polygon_base)
[4.223s] INFO:colcon.colcon_ros.task.ament_cmake.build:Building ROS package in '/home/paul/ros2_ws/src/polygon_plugins' with build type 'ament_cmake'
[4.223s] INFO:colcon.colcon_cmake.task.cmake.build:Building CMake package in '/home/paul/ros2_ws/src/polygon_plugins'
[4.223s] INFO:colcon.colcon_core.shell:Skip shell extension 'powershell' for command environment: Not usable outside of PowerShell
[4.223s] DEBUG:colcon.colcon_core.shell:Skip shell extension 'dsv' for command environment
[4.237s] DEBUG:colcon.colcon_core.event_handler.log_command:Invoking command in '/home/paul/ros2_ws/src/build/polygon_plugins': AMENT_PREFIX_PATH=/home/paul/ros2_ws/src/install/polygon_base:${AMENT_PREFIX_PATH} CMAKE_PREFIX_PATH=/home/paul/ros2_ws/src/install/polygon_base:/media/paul/nes/dev/ros2_ws_examples/install/examples_rclcpp_wait_set:/media/paul/nes/dev/ros2_ws_examples/install/examples_rclcpp_multithreaded_executor:/media/paul/nes/dev/ros2_ws_examples/install/examples_rclcpp_minimal_timer:/media/paul/nes/dev/ros2_ws_examples/install/examples_rclcpp_minimal_subscriber:/media/paul/nes/dev/ros2_ws_examples/install/examples_rclcpp_minimal_service:/media/paul/nes/dev/ros2_ws_examples/install/examples_rclcpp_minimal_publisher:/media/paul/nes/dev/ros2_ws_examples/install/examples_rclcpp_minimal_composition:/media/paul/nes/dev/ros2_ws_examples/install/examples_rclcpp_minimal_client:/media/paul/nes/dev/ros2_ws_examples/install/examples_rclcpp_minimal_action_server:/media/paul/nes/dev/ros2_ws_examples/install/examples_rclcpp_minimal_action_client:/media/paul/nes/dev/ros2_ws_examples/install/examples_rclcpp_cbg_executor:/media/paul/nes/dev/ros2_ws_examples/install/examples_rclcpp_async_client:/media/paul/nes/dev/ros2_ws_examples/install/launch_testing_examples:/media/paul/nes/dev/ros2_ws_examples/install/examples_rclpy_pointcloud_publisher:/media/paul/nes/dev/ros2_ws_examples/install/examples_rclpy_minimal_subscriber:/media/paul/nes/dev/ros2_ws_examples/install/examples_rclpy_minimal_service:/media/paul/nes/dev/ros2_ws_examples/install/examples_rclpy_minimal_publisher:/media/paul/nes/dev/ros2_ws_examples/install/examples_rclpy_minimal_client:/media/paul/nes/dev/ros2_ws_examples/install/examples_rclpy_minimal_action_server:/media/paul/nes/dev/ros2_ws_examples/install/examples_rclpy_minimal_action_client:/media/paul/nes/dev/ros2_ws_examples/install/examples_rclpy_guard_conditions:/media/paul/nes/dev/ros2_ws_examples/install/examples_rclpy_executors:/opt/ros/humble /usr/bin/cmake /home/paul/ros2_ws/src/polygon_plugins -DCMAKE_INSTALL_PREFIX=/home/paul/ros2_ws/src/install/polygon_plugins
[5.332s] DEBUG:colcon.colcon_core.event_handler.log_command:Invoked command in '/home/paul/ros2_ws/src/build/polygon_plugins' returned '0': AMENT_PREFIX_PATH=/home/paul/ros2_ws/src/install/polygon_base:${AMENT_PREFIX_PATH} CMAKE_PREFIX_PATH=/home/paul/ros2_ws/src/install/polygon_base:/media/paul/nes/dev/ros2_ws_examples/install/examples_rclcpp_wait_set:/media/paul/nes/dev/ros2_ws_examples/install/examples_rclcpp_multithreaded_executor:/media/paul/nes/dev/ros2_ws_examples/install/examples_rclcpp_minimal_timer:/media/paul/nes/dev/ros2_ws_examples/install/examples_rclcpp_minimal_subscriber:/media/paul/nes/dev/ros2_ws_examples/install/examples_rclcpp_minimal_service:/media/paul/nes/dev/ros2_ws_examples/install/examples_rclcpp_minimal_publisher:/media/paul/nes/dev/ros2_ws_examples/install/examples_rclcpp_minimal_composition:/media/paul/nes/dev/ros2_ws_examples/install/examples_rclcpp_minimal_client:/media/paul/nes/dev/ros2_ws_examples/install/examples_rclcpp_minimal_action_server:/media/paul/nes/dev/ros2_ws_examples/install/examples_rclcpp_minimal_action_client:/media/paul/nes/dev/ros2_ws_examples/install/examples_rclcpp_cbg_executor:/media/paul/nes/dev/ros2_ws_examples/install/examples_rclcpp_async_client:/media/paul/nes/dev/ros2_ws_examples/install/launch_testing_examples:/media/paul/nes/dev/ros2_ws_examples/install/examples_rclpy_pointcloud_publisher:/media/paul/nes/dev/ros2_ws_examples/install/examples_rclpy_minimal_subscriber:/media/paul/nes/dev/ros2_ws_examples/install/examples_rclpy_minimal_service:/media/paul/nes/dev/ros2_ws_examples/install/examples_rclpy_minimal_publisher:/media/paul/nes/dev/ros2_ws_examples/install/examples_rclpy_minimal_client:/media/paul/nes/dev/ros2_ws_examples/install/examples_rclpy_minimal_action_server:/media/paul/nes/dev/ros2_ws_examples/install/examples_rclpy_minimal_action_client:/media/paul/nes/dev/ros2_ws_examples/install/examples_rclpy_guard_conditions:/media/paul/nes/dev/ros2_ws_examples/install/examples_rclpy_executors:/opt/ros/humble /usr/bin/cmake /home/paul/ros2_ws/src/polygon_plugins -DCMAKE_INSTALL_PREFIX=/home/paul/ros2_ws/src/install/polygon_plugins
[5.333s] DEBUG:colcon.colcon_core.event_handler.log_command:Invoking command in '/home/paul/ros2_ws/src/build/polygon_plugins': AMENT_PREFIX_PATH=/home/paul/ros2_ws/src/install/polygon_base:${AMENT_PREFIX_PATH} CMAKE_PREFIX_PATH=/home/paul/ros2_ws/src/install/polygon_base:/media/paul/nes/dev/ros2_ws_examples/install/examples_rclcpp_wait_set:/media/paul/nes/dev/ros2_ws_examples/install/examples_rclcpp_multithreaded_executor:/media/paul/nes/dev/ros2_ws_examples/install/examples_rclcpp_minimal_timer:/media/paul/nes/dev/ros2_ws_examples/install/examples_rclcpp_minimal_subscriber:/media/paul/nes/dev/ros2_ws_examples/install/examples_rclcpp_minimal_service:/media/paul/nes/dev/ros2_ws_examples/install/examples_rclcpp_minimal_publisher:/media/paul/nes/dev/ros2_ws_examples/install/examples_rclcpp_minimal_composition:/media/paul/nes/dev/ros2_ws_examples/install/examples_rclcpp_minimal_client:/media/paul/nes/dev/ros2_ws_examples/install/examples_rclcpp_minimal_action_server:/media/paul/nes/dev/ros2_ws_examples/install/examples_rclcpp_minimal_action_client:/media/paul/nes/dev/ros2_ws_examples/install/examples_rclcpp_cbg_executor:/media/paul/nes/dev/ros2_ws_examples/install/examples_rclcpp_async_client:/media/paul/nes/dev/ros2_ws_examples/install/launch_testing_examples:/media/paul/nes/dev/ros2_ws_examples/install/examples_rclpy_pointcloud_publisher:/media/paul/nes/dev/ros2_ws_examples/install/examples_rclpy_minimal_subscriber:/media/paul/nes/dev/ros2_ws_examples/install/examples_rclpy_minimal_service:/media/paul/nes/dev/ros2_ws_examples/install/examples_rclpy_minimal_publisher:/media/paul/nes/dev/ros2_ws_examples/install/examples_rclpy_minimal_client:/media/paul/nes/dev/ros2_ws_examples/install/examples_rclpy_minimal_action_server:/media/paul/nes/dev/ros2_ws_examples/install/examples_rclpy_minimal_action_client:/media/paul/nes/dev/ros2_ws_examples/install/examples_rclpy_guard_conditions:/media/paul/nes/dev/ros2_ws_examples/install/examples_rclpy_executors:/opt/ros/humble /usr/bin/cmake --build /home/paul/ros2_ws/src/build/polygon_plugins -- -j20 -l20
[6.224s] DEBUG:colcon.colcon_core.event_handler.log_command:Invoked command in '/home/paul/ros2_ws/src/build/polygon_plugins' returned '0': AMENT_PREFIX_PATH=/home/paul/ros2_ws/src/install/polygon_base:${AMENT_PREFIX_PATH} CMAKE_PREFIX_PATH=/home/paul/ros2_ws/src/install/polygon_base:/media/paul/nes/dev/ros2_ws_examples/install/examples_rclcpp_wait_set:/media/paul/nes/dev/ros2_ws_examples/install/examples_rclcpp_multithreaded_executor:/media/paul/nes/dev/ros2_ws_examples/install/examples_rclcpp_minimal_timer:/media/paul/nes/dev/ros2_ws_examples/install/examples_rclcpp_minimal_subscriber:/media/paul/nes/dev/ros2_ws_examples/install/examples_rclcpp_minimal_service:/media/paul/nes/dev/ros2_ws_examples/install/examples_rclcpp_minimal_publisher:/media/paul/nes/dev/ros2_ws_examples/install/examples_rclcpp_minimal_composition:/media/paul/nes/dev/ros2_ws_examples/install/examples_rclcpp_minimal_client:/media/paul/nes/dev/ros2_ws_examples/install/examples_rclcpp_minimal_action_server:/media/paul/nes/dev/ros2_ws_examples/install/examples_rclcpp_minimal_action_client:/media/paul/nes/dev/ros2_ws_examples/install/examples_rclcpp_cbg_executor:/media/paul/nes/dev/ros2_ws_examples/install/examples_rclcpp_async_client:/media/paul/nes/dev/ros2_ws_examples/install/launch_testing_examples:/media/paul/nes/dev/ros2_ws_examples/install/examples_rclpy_pointcloud_publisher:/media/paul/nes/dev/ros2_ws_examples/install/examples_rclpy_minimal_subscriber:/media/paul/nes/dev/ros2_ws_examples/install/examples_rclpy_minimal_service:/media/paul/nes/dev/ros2_ws_examples/install/examples_rclpy_minimal_publisher:/media/paul/nes/dev/ros2_ws_examples/install/examples_rclpy_minimal_client:/media/paul/nes/dev/ros2_ws_examples/install/examples_rclpy_minimal_action_server:/media/paul/nes/dev/ros2_ws_examples/install/examples_rclpy_minimal_action_client:/media/paul/nes/dev/ros2_ws_examples/install/examples_rclpy_guard_conditions:/media/paul/nes/dev/ros2_ws_examples/install/examples_rclpy_executors:/opt/ros/humble /usr/bin/cmake --build /home/paul/ros2_ws/src/build/polygon_plugins -- -j20 -l20
[6.227s] DEBUG:colcon.colcon_core.event_handler.log_command:Invoking command in '/home/paul/ros2_ws/src/build/polygon_plugins': AMENT_PREFIX_PATH=/home/paul/ros2_ws/src/install/polygon_base:${AMENT_PREFIX_PATH} CMAKE_PREFIX_PATH=/home/paul/ros2_ws/src/install/polygon_base:/media/paul/nes/dev/ros2_ws_examples/install/examples_rclcpp_wait_set:/media/paul/nes/dev/ros2_ws_examples/install/examples_rclcpp_multithreaded_executor:/media/paul/nes/dev/ros2_ws_examples/install/examples_rclcpp_minimal_timer:/media/paul/nes/dev/ros2_ws_examples/install/examples_rclcpp_minimal_subscriber:/media/paul/nes/dev/ros2_ws_examples/install/examples_rclcpp_minimal_service:/media/paul/nes/dev/ros2_ws_examples/install/examples_rclcpp_minimal_publisher:/media/paul/nes/dev/ros2_ws_examples/install/examples_rclcpp_minimal_composition:/media/paul/nes/dev/ros2_ws_examples/install/examples_rclcpp_minimal_client:/media/paul/nes/dev/ros2_ws_examples/install/examples_rclcpp_minimal_action_server:/media/paul/nes/dev/ros2_ws_examples/install/examples_rclcpp_minimal_action_client:/media/paul/nes/dev/ros2_ws_examples/install/examples_rclcpp_cbg_executor:/media/paul/nes/dev/ros2_ws_examples/install/examples_rclcpp_async_client:/media/paul/nes/dev/ros2_ws_examples/install/launch_testing_examples:/media/paul/nes/dev/ros2_ws_examples/install/examples_rclpy_pointcloud_publisher:/media/paul/nes/dev/ros2_ws_examples/install/examples_rclpy_minimal_subscriber:/media/paul/nes/dev/ros2_ws_examples/install/examples_rclpy_minimal_service:/media/paul/nes/dev/ros2_ws_examples/install/examples_rclpy_minimal_publisher:/media/paul/nes/dev/ros2_ws_examples/install/examples_rclpy_minimal_client:/media/paul/nes/dev/ros2_ws_examples/install/examples_rclpy_minimal_action_server:/media/paul/nes/dev/ros2_ws_examples/install/examples_rclpy_minimal_action_client:/media/paul/nes/dev/ros2_ws_examples/install/examples_rclpy_guard_conditions:/media/paul/nes/dev/ros2_ws_examples/install/examples_rclpy_executors:/opt/ros/humble /usr/bin/cmake --install /home/paul/ros2_ws/src/build/polygon_plugins
[6.242s] Level 1:colcon.colcon_core.environment:create_environment_scripts_only(polygon_plugins)
[6.242s] DEBUG:colcon.colcon_core.event_handler.log_command:Invoked command in '/home/paul/ros2_ws/src/build/polygon_plugins' returned '0': AMENT_PREFIX_PATH=/home/paul/ros2_ws/src/install/polygon_base:${AMENT_PREFIX_PATH} CMAKE_PREFIX_PATH=/home/paul/ros2_ws/src/install/polygon_base:/media/paul/nes/dev/ros2_ws_examples/install/examples_rclcpp_wait_set:/media/paul/nes/dev/ros2_ws_examples/install/examples_rclcpp_multithreaded_executor:/media/paul/nes/dev/ros2_ws_examples/install/examples_rclcpp_minimal_timer:/media/paul/nes/dev/ros2_ws_examples/install/examples_rclcpp_minimal_subscriber:/media/paul/nes/dev/ros2_ws_examples/install/examples_rclcpp_minimal_service:/media/paul/nes/dev/ros2_ws_examples/install/examples_rclcpp_minimal_publisher:/media/paul/nes/dev/ros2_ws_examples/install/examples_rclcpp_minimal_composition:/media/paul/nes/dev/ros2_ws_examples/install/examples_rclcpp_minimal_client:/media/paul/nes/dev/ros2_ws_examples/install/examples_rclcpp_minimal_action_server:/media/paul/nes/dev/ros2_ws_examples/install/examples_rclcpp_minimal_action_client:/media/paul/nes/dev/ros2_ws_examples/install/examples_rclcpp_cbg_executor:/media/paul/nes/dev/ros2_ws_examples/install/examples_rclcpp_async_client:/media/paul/nes/dev/ros2_ws_examples/install/launch_testing_examples:/media/paul/nes/dev/ros2_ws_examples/install/examples_rclpy_pointcloud_publisher:/media/paul/nes/dev/ros2_ws_examples/install/examples_rclpy_minimal_subscriber:/media/paul/nes/dev/ros2_ws_examples/install/examples_rclpy_minimal_service:/media/paul/nes/dev/ros2_ws_examples/install/examples_rclpy_minimal_publisher:/media/paul/nes/dev/ros2_ws_examples/install/examples_rclpy_minimal_client:/media/paul/nes/dev/ros2_ws_examples/install/examples_rclpy_minimal_action_server:/media/paul/nes/dev/ros2_ws_examples/install/examples_rclpy_minimal_action_client:/media/paul/nes/dev/ros2_ws_examples/install/examples_rclpy_guard_conditions:/media/paul/nes/dev/ros2_ws_examples/install/examples_rclpy_executors:/opt/ros/humble /usr/bin/cmake --install /home/paul/ros2_ws/src/build/polygon_plugins
[6.243s] Level 1:colcon.colcon_core.environment:checking '/home/paul/ros2_ws/src/install/polygon_plugins' for CMake module files
[6.243s] Level 1:colcon.colcon_core.environment:checking '/home/paul/ros2_ws/src/install/polygon_plugins' for CMake config files
[6.244s] Level 1:colcon.colcon_core.shell:create_environment_hook('polygon_plugins', 'cmake_prefix_path')
[6.244s] INFO:colcon.colcon_core.shell:Creating environment hook '/home/paul/ros2_ws/src/install/polygon_plugins/share/polygon_plugins/hook/cmake_prefix_path.ps1'
[6.245s] INFO:colcon.colcon_core.shell:Creating environment descriptor '/home/paul/ros2_ws/src/install/polygon_plugins/share/polygon_plugins/hook/cmake_prefix_path.dsv'
[6.245s] INFO:colcon.colcon_core.shell:Creating environment hook '/home/paul/ros2_ws/src/install/polygon_plugins/share/polygon_plugins/hook/cmake_prefix_path.sh'
[6.246s] Level 1:colcon.colcon_core.environment:checking '/home/paul/ros2_ws/src/install/polygon_plugins/lib'
[6.246s] Level 1:colcon.colcon_core.shell:create_environment_hook('polygon_plugins', 'ld_library_path_lib')
[6.246s] INFO:colcon.colcon_core.shell:Creating environment hook '/home/paul/ros2_ws/src/install/polygon_plugins/share/polygon_plugins/hook/ld_library_path_lib.ps1'
[6.247s] INFO:colcon.colcon_core.shell:Creating environment descriptor '/home/paul/ros2_ws/src/install/polygon_plugins/share/polygon_plugins/hook/ld_library_path_lib.dsv'
[6.247s] INFO:colcon.colcon_core.shell:Creating environment hook '/home/paul/ros2_ws/src/install/polygon_plugins/share/polygon_plugins/hook/ld_library_path_lib.sh'
[6.248s] Level 1:colcon.colcon_core.environment:checking '/home/paul/ros2_ws/src/install/polygon_plugins/bin'
[6.248s] Level 1:colcon.colcon_core.environment:checking '/home/paul/ros2_ws/src/install/polygon_plugins/lib/pkgconfig/polygon_plugins.pc'
[6.248s] Level 1:colcon.colcon_core.environment:checking '/home/paul/ros2_ws/src/install/polygon_plugins/lib/python3.10/site-packages'
[6.249s] Level 1:colcon.colcon_core.environment:checking '/home/paul/ros2_ws/src/install/polygon_plugins/bin'
[6.249s] INFO:colcon.colcon_core.shell:Creating package script '/home/paul/ros2_ws/src/install/polygon_plugins/share/polygon_plugins/package.ps1'
[6.250s] INFO:colcon.colcon_core.shell:Creating package descriptor '/home/paul/ros2_ws/src/install/polygon_plugins/share/polygon_plugins/package.dsv'
[6.250s] INFO:colcon.colcon_core.shell:Creating package script '/home/paul/ros2_ws/src/install/polygon_plugins/share/polygon_plugins/package.sh'
[6.251s] INFO:colcon.colcon_core.shell:Creating package script '/home/paul/ros2_ws/src/install/polygon_plugins/share/polygon_plugins/package.bash'
[6.251s] INFO:colcon.colcon_core.shell:Creating package script '/home/paul/ros2_ws/src/install/polygon_plugins/share/polygon_plugins/package.zsh'
[6.252s] Level 1:colcon.colcon_core.environment:create_file_with_runtime_dependencies(/home/paul/ros2_ws/src/install/polygon_plugins/share/colcon-core/packages/polygon_plugins)
[6.252s] Level 1:colcon.colcon_core.environment:create_environment_scripts_only(polygon_plugins)
[6.253s] Level 1:colcon.colcon_core.environment:checking '/home/paul/ros2_ws/src/install/polygon_plugins' for CMake module files
[6.253s] Level 1:colcon.colcon_core.environment:checking '/home/paul/ros2_ws/src/install/polygon_plugins' for CMake config files
[6.254s] Level 1:colcon.colcon_core.shell:create_environment_hook('polygon_plugins', 'cmake_prefix_path')
[6.254s] INFO:colcon.colcon_core.shell:Creating environment hook '/home/paul/ros2_ws/src/install/polygon_plugins/share/polygon_plugins/hook/cmake_prefix_path.ps1'
[6.255s] INFO:colcon.colcon_core.shell:Creating environment descriptor '/home/paul/ros2_ws/src/install/polygon_plugins/share/polygon_plugins/hook/cmake_prefix_path.dsv'
[6.255s] INFO:colcon.colcon_core.shell:Creating environment hook '/home/paul/ros2_ws/src/install/polygon_plugins/share/polygon_plugins/hook/cmake_prefix_path.sh'
[6.256s] Level 1:colcon.colcon_core.environment:checking '/home/paul/ros2_ws/src/install/polygon_plugins/lib'
[6.256s] Level 1:colcon.colcon_core.shell:create_environment_hook('polygon_plugins', 'ld_library_path_lib')
[6.256s] INFO:colcon.colcon_core.shell:Creating environment hook '/home/paul/ros2_ws/src/install/polygon_plugins/share/polygon_plugins/hook/ld_library_path_lib.ps1'
[6.257s] INFO:colcon.colcon_core.shell:Creating environment descriptor '/home/paul/ros2_ws/src/install/polygon_plugins/share/polygon_plugins/hook/ld_library_path_lib.dsv'
[6.257s] INFO:colcon.colcon_core.shell:Creating environment hook '/home/paul/ros2_ws/src/install/polygon_plugins/share/polygon_plugins/hook/ld_library_path_lib.sh'
[6.258s] Level 1:colcon.colcon_core.environment:checking '/home/paul/ros2_ws/src/install/polygon_plugins/bin'
[6.258s] Level 1:colcon.colcon_core.environment:checking '/home/paul/ros2_ws/src/install/polygon_plugins/lib/pkgconfig/polygon_plugins.pc'
[6.258s] Level 1:colcon.colcon_core.environment:checking '/home/paul/ros2_ws/src/install/polygon_plugins/lib/python3.10/site-packages'
[6.259s] Level 1:colcon.colcon_core.environment:checking '/home/paul/ros2_ws/src/install/polygon_plugins/bin'
[6.259s] INFO:colcon.colcon_core.shell:Creating package script '/home/paul/ros2_ws/src/install/polygon_plugins/share/polygon_plugins/package.ps1'
[6.260s] INFO:colcon.colcon_core.shell:Creating package descriptor '/home/paul/ros2_ws/src/install/polygon_plugins/share/polygon_plugins/package.dsv'
[6.260s] INFO:colcon.colcon_core.shell:Creating package script '/home/paul/ros2_ws/src/install/polygon_plugins/share/polygon_plugins/package.sh'
[6.261s] INFO:colcon.colcon_core.shell:Creating package script '/home/paul/ros2_ws/src/install/polygon_plugins/share/polygon_plugins/package.bash'
[6.261s] INFO:colcon.colcon_core.shell:Creating package script '/home/paul/ros2_ws/src/install/polygon_plugins/share/polygon_plugins/package.zsh'
[6.262s] Level 1:colcon.colcon_core.environment:create_file_with_runtime_dependencies(/home/paul/ros2_ws/src/install/polygon_plugins/share/colcon-core/packages/polygon_plugins)
[6.262s] DEBUG:colcon.colcon_parallel_executor.executor.parallel:closing loop
[6.263s] DEBUG:colcon.colcon_parallel_executor.executor.parallel:loop closed
[6.263s] DEBUG:colcon.colcon_parallel_executor.executor.parallel:run_until_complete finished with '0'
[6.263s] DEBUG:colcon.colcon_core.event_reactor:joining thread
[6.271s] INFO:colcon.colcon_core.plugin_system:Skipping extension 'colcon_notification.desktop_notification.terminal_notifier': Not used on non-Darwin systems
[6.271s] INFO:colcon.colcon_core.plugin_system:Skipping extension 'colcon_notification.desktop_notification.win32': Not used on non-Windows systems
[6.271s] INFO:colcon.colcon_notification.desktop_notification:Sending desktop notification using 'notify2'
[6.286s] DEBUG:colcon.colcon_core.event_reactor:joined thread
[6.287s] INFO:colcon.colcon_core.shell:Creating prefix script '/home/paul/ros2_ws/src/install/local_setup.ps1'
[6.288s] INFO:colcon.colcon_core.shell:Creating prefix util module '/home/paul/ros2_ws/src/install/_local_setup_util_ps1.py'
[6.290s] INFO:colcon.colcon_core.shell:Creating prefix chain script '/home/paul/ros2_ws/src/install/setup.ps1'
[6.292s] INFO:colcon.colcon_core.shell:Creating prefix script '/home/paul/ros2_ws/src/install/local_setup.sh'
[6.293s] INFO:colcon.colcon_core.shell:Creating prefix util module '/home/paul/ros2_ws/src/install/_local_setup_util_sh.py'
[6.293s] INFO:colcon.colcon_core.shell:Creating prefix chain script '/home/paul/ros2_ws/src/install/setup.sh'
[6.296s] INFO:colcon.colcon_core.shell:Creating prefix script '/home/paul/ros2_ws/src/install/local_setup.bash'
[6.297s] INFO:colcon.colcon_core.shell:Creating prefix chain script '/home/paul/ros2_ws/src/install/setup.bash'
[6.299s] INFO:colcon.colcon_core.shell:Creating prefix script '/home/paul/ros2_ws/src/install/local_setup.zsh'
[6.300s] INFO:colcon.colcon_core.shell:Creating prefix chain script '/home/paul/ros2_ws/src/install/setup.zsh'
