[0.128s] DEBUG:colcon:Command line arguments: ['/usr/bin/colcon', 'build', '--packages-select', 'cpp_srvcli']
[0.128s] DEBUG:colcon:Parsed command line arguments: Namespace(log_base=None, log_level=None, verb_name='build', build_base='build', install_base='install', merge_install=False, symlink_install=False, test_result_base=None, continue_on_error=False, executor='parallel', parallel_workers=20, event_handlers=None, ignore_user_meta=False, metas=['./colcon.meta'], base_paths=['.'], packages_ignore=None, packages_ignore_regex=None, paths=None, packages_up_to=None, packages_up_to_regex=None, packages_above=None, packages_above_and_dependencies=None, packages_above_depth=None, packages_select_by_dep=None, packages_skip_by_dep=None, packages_skip_up_to=None, packages_select_build_failed=False, packages_skip_build_finished=False, packages_select_test_failures=False, packages_skip_test_passed=False, packages_select=['cpp_srvcli'], packages_skip=None, packages_select_regex=None, packages_skip_regex=None, packages_start=None, packages_end=None, allow_overriding=[], cmake_args=None, cmake_target=None, cmake_target_skip_unavailable=False, cmake_clean_cache=False, cmake_clean_first=False, cmake_force_configure=False, ament_cmake_args=None, catkin_cmake_args=None, catkin_skip_building_tests=False, mixin_files=None, mixin=None, verb_parser=<colcon_mixin.mixin.mixin_argument.MixinArgumentDecorator object at 0x7906f6d99030>, verb_extension=<colcon_core.verb.build.BuildVerb object at 0x7906f6d98a30>, main=<bound method BuildVerb.main of <colcon_core.verb.build.BuildVerb object at 0x7906f6d98a30>>, mixin_verb=('build',))
[0.319s] Level 1:colcon.colcon_core.package_discovery:discover_packages(colcon_meta) check parameters
[0.319s] Level 1:colcon.colcon_core.package_discovery:discover_packages(recursive) check parameters
[0.319s] Level 1:colcon.colcon_core.package_discovery:discover_packages(ignore) check parameters
[0.319s] Level 1:colcon.colcon_core.package_discovery:discover_packages(path) check parameters
[0.319s] Level 1:colcon.colcon_core.package_discovery:discover_packages(colcon_meta) discover
[0.319s] Level 1:colcon.colcon_core.package_discovery:discover_packages(recursive) discover
[0.319s] INFO:colcon.colcon_core.package_discovery:Crawling recursively for packages in '/home/paul/ros2_ws/src'
[0.319s] Level 1:colcon.colcon_core.package_identification:_identify(.) by extensions ['ignore', 'ignore_ament_install']
[0.319s] Level 1:colcon.colcon_core.package_identification:_identify(.) by extension 'ignore'
[0.320s] Level 1:colcon.colcon_core.package_identification:_identify(.) by extension 'ignore_ament_install'
[0.320s] Level 1:colcon.colcon_core.package_identification:_identify(.) by extensions ['colcon_pkg']
[0.320s] Level 1:colcon.colcon_core.package_identification:_identify(.) by extension 'colcon_pkg'
[0.320s] Level 1:colcon.colcon_core.package_identification:_identify(.) by extensions ['colcon_meta']
[0.320s] Level 1:colcon.colcon_core.package_identification:_identify(.) by extension 'colcon_meta'
[0.320s] Level 1:colcon.colcon_core.package_identification:_identify(.) by extensions ['ros']
[0.320s] Level 1:colcon.colcon_core.package_identification:_identify(.) by extension 'ros'
[0.332s] Level 1:colcon.colcon_core.package_identification:_identify(.) by extensions ['cmake', 'python']
[0.332s] Level 1:colcon.colcon_core.package_identification:_identify(.) by extension 'cmake'
[0.332s] Level 1:colcon.colcon_core.package_identification:_identify(.) by extension 'python'
[0.332s] Level 1:colcon.colcon_core.package_identification:_identify(.) by extensions ['python_setup_py']
[0.332s] Level 1:colcon.colcon_core.package_identification:_identify(.) by extension 'python_setup_py'
[0.332s] Level 1:colcon.colcon_core.package_identification:_identify(build) by extensions ['ignore', 'ignore_ament_install']
[0.333s] Level 1:colcon.colcon_core.package_identification:_identify(build) by extension 'ignore'
[0.333s] Level 1:colcon.colcon_core.package_identification:_identify(build) ignored
[0.333s] Level 1:colcon.colcon_core.package_identification:_identify(cpp_pubsub) by extensions ['ignore', 'ignore_ament_install']
[0.333s] Level 1:colcon.colcon_core.package_identification:_identify(cpp_pubsub) by extension 'ignore'
[0.333s] Level 1:colcon.colcon_core.package_identification:_identify(cpp_pubsub) by extension 'ignore_ament_install'
[0.333s] Level 1:colcon.colcon_core.package_identification:_identify(cpp_pubsub) by extensions ['colcon_pkg']
[0.333s] Level 1:colcon.colcon_core.package_identification:_identify(cpp_pubsub) by extension 'colcon_pkg'
[0.333s] Level 1:colcon.colcon_core.package_identification:_identify(cpp_pubsub) by extensions ['colcon_meta']
[0.333s] Level 1:colcon.colcon_core.package_identification:_identify(cpp_pubsub) by extension 'colcon_meta'
[0.333s] Level 1:colcon.colcon_core.package_identification:_identify(cpp_pubsub) by extensions ['ros']
[0.333s] Level 1:colcon.colcon_core.package_identification:_identify(cpp_pubsub) by extension 'ros'
[0.336s] DEBUG:colcon.colcon_core.package_identification:Package 'cpp_pubsub' with type 'ros.ament_cmake' and name 'cpp_pubsub'
[0.336s] Level 1:colcon.colcon_core.package_identification:_identify(cpp_srvcli) by extensions ['ignore', 'ignore_ament_install']
[0.336s] Level 1:colcon.colcon_core.package_identification:_identify(cpp_srvcli) by extension 'ignore'
[0.336s] Level 1:colcon.colcon_core.package_identification:_identify(cpp_srvcli) by extension 'ignore_ament_install'
[0.336s] Level 1:colcon.colcon_core.package_identification:_identify(cpp_srvcli) by extensions ['colcon_pkg']
[0.336s] Level 1:colcon.colcon_core.package_identification:_identify(cpp_srvcli) by extension 'colcon_pkg'
[0.336s] Level 1:colcon.colcon_core.package_identification:_identify(cpp_srvcli) by extensions ['colcon_meta']
[0.336s] Level 1:colcon.colcon_core.package_identification:_identify(cpp_srvcli) by extension 'colcon_meta'
[0.336s] Level 1:colcon.colcon_core.package_identification:_identify(cpp_srvcli) by extensions ['ros']
[0.336s] Level 1:colcon.colcon_core.package_identification:_identify(cpp_srvcli) by extension 'ros'
[0.337s] DEBUG:colcon.colcon_core.package_identification:Package 'cpp_srvcli' with type 'ros.ament_cmake' and name 'cpp_srvcli'
[0.337s] Level 1:colcon.colcon_core.package_identification:_identify(install) by extensions ['ignore', 'ignore_ament_install']
[0.337s] Level 1:colcon.colcon_core.package_identification:_identify(install) by extension 'ignore'
[0.337s] Level 1:colcon.colcon_core.package_identification:_identify(install) ignored
[0.337s] Level 1:colcon.colcon_core.package_identification:_identify(log) by extensions ['ignore', 'ignore_ament_install']
[0.338s] Level 1:colcon.colcon_core.package_identification:_identify(log) by extension 'ignore'
[0.338s] Level 1:colcon.colcon_core.package_identification:_identify(log) ignored
[0.338s] Level 1:colcon.colcon_core.package_identification:_identify(my_package) by extensions ['ignore', 'ignore_ament_install']
[0.338s] Level 1:colcon.colcon_core.package_identification:_identify(my_package) by extension 'ignore'
[0.338s] Level 1:colcon.colcon_core.package_identification:_identify(my_package) by extension 'ignore_ament_install'
[0.338s] Level 1:colcon.colcon_core.package_identification:_identify(my_package) by extensions ['colcon_pkg']
[0.338s] Level 1:colcon.colcon_core.package_identification:_identify(my_package) by extension 'colcon_pkg'
[0.338s] Level 1:colcon.colcon_core.package_identification:_identify(my_package) by extensions ['colcon_meta']
[0.338s] Level 1:colcon.colcon_core.package_identification:_identify(my_package) by extension 'colcon_meta'
[0.338s] Level 1:colcon.colcon_core.package_identification:_identify(my_package) by extensions ['ros']
[0.338s] Level 1:colcon.colcon_core.package_identification:_identify(my_package) by extension 'ros'
[0.338s] DEBUG:colcon.colcon_core.package_identification:Package 'my_package' with type 'ros.ament_cmake' and name 'my_package'
[0.339s] Level 1:colcon.colcon_core.package_identification:_identify(py_pubsub) by extensions ['ignore', 'ignore_ament_install']
[0.339s] Level 1:colcon.colcon_core.package_identification:_identify(py_pubsub) by extension 'ignore'
[0.339s] Level 1:colcon.colcon_core.package_identification:_identify(py_pubsub) by extension 'ignore_ament_install'
[0.339s] Level 1:colcon.colcon_core.package_identification:_identify(py_pubsub) by extensions ['colcon_pkg']
[0.339s] Level 1:colcon.colcon_core.package_identification:_identify(py_pubsub) by extension 'colcon_pkg'
[0.339s] Level 1:colcon.colcon_core.package_identification:_identify(py_pubsub) by extensions ['colcon_meta']
[0.339s] Level 1:colcon.colcon_core.package_identification:_identify(py_pubsub) by extension 'colcon_meta'
[0.339s] Level 1:colcon.colcon_core.package_identification:_identify(py_pubsub) by extensions ['ros']
[0.339s] Level 1:colcon.colcon_core.package_identification:_identify(py_pubsub) by extension 'ros'
[0.339s] DEBUG:colcon.colcon_core.package_identification:Package 'py_pubsub' with type 'ros.ament_python' and name 'py_pubsub'
[0.340s] Level 1:colcon.colcon_core.package_identification:_identify(ros_tutorials) by extensions ['ignore', 'ignore_ament_install']
[0.340s] Level 1:colcon.colcon_core.package_identification:_identify(ros_tutorials) by extension 'ignore'
[0.340s] Level 1:colcon.colcon_core.package_identification:_identify(ros_tutorials) by extension 'ignore_ament_install'
[0.340s] Level 1:colcon.colcon_core.package_identification:_identify(ros_tutorials) by extensions ['colcon_pkg']
[0.340s] Level 1:colcon.colcon_core.package_identification:_identify(ros_tutorials) by extension 'colcon_pkg'
[0.340s] Level 1:colcon.colcon_core.package_identification:_identify(ros_tutorials) by extensions ['colcon_meta']
[0.340s] Level 1:colcon.colcon_core.package_identification:_identify(ros_tutorials) by extension 'colcon_meta'
[0.340s] Level 1:colcon.colcon_core.package_identification:_identify(ros_tutorials) by extensions ['ros']
[0.340s] Level 1:colcon.colcon_core.package_identification:_identify(ros_tutorials) by extension 'ros'
[0.340s] Level 1:colcon.colcon_core.package_identification:_identify(ros_tutorials) by extensions ['cmake', 'python']
[0.340s] Level 1:colcon.colcon_core.package_identification:_identify(ros_tutorials) by extension 'cmake'
[0.340s] Level 1:colcon.colcon_core.package_identification:_identify(ros_tutorials) by extension 'python'
[0.340s] Level 1:colcon.colcon_core.package_identification:_identify(ros_tutorials) by extensions ['python_setup_py']
[0.340s] Level 1:colcon.colcon_core.package_identification:_identify(ros_tutorials) by extension 'python_setup_py'
[0.340s] Level 1:colcon.colcon_core.package_identification:_identify(ros_tutorials/ros_tutorials) by extensions ['ignore', 'ignore_ament_install']
[0.340s] Level 1:colcon.colcon_core.package_identification:_identify(ros_tutorials/ros_tutorials) by extension 'ignore'
[0.340s] Level 1:colcon.colcon_core.package_identification:_identify(ros_tutorials/ros_tutorials) ignored
[0.340s] Level 1:colcon.colcon_core.package_identification:_identify(ros_tutorials/roscpp_tutorials) by extensions ['ignore', 'ignore_ament_install']
[0.340s] Level 1:colcon.colcon_core.package_identification:_identify(ros_tutorials/roscpp_tutorials) by extension 'ignore'
[0.340s] Level 1:colcon.colcon_core.package_identification:_identify(ros_tutorials/roscpp_tutorials) ignored
[0.341s] Level 1:colcon.colcon_core.package_identification:_identify(ros_tutorials/rospy_tutorials) by extensions ['ignore', 'ignore_ament_install']
[0.341s] Level 1:colcon.colcon_core.package_identification:_identify(ros_tutorials/rospy_tutorials) by extension 'ignore'
[0.341s] Level 1:colcon.colcon_core.package_identification:_identify(ros_tutorials/rospy_tutorials) ignored
[0.341s] Level 1:colcon.colcon_core.package_identification:_identify(ros_tutorials/turtlesim) by extensions ['ignore', 'ignore_ament_install']
[0.341s] Level 1:colcon.colcon_core.package_identification:_identify(ros_tutorials/turtlesim) by extension 'ignore'
[0.341s] Level 1:colcon.colcon_core.package_identification:_identify(ros_tutorials/turtlesim) by extension 'ignore_ament_install'
[0.341s] Level 1:colcon.colcon_core.package_identification:_identify(ros_tutorials/turtlesim) by extensions ['colcon_pkg']
[0.341s] Level 1:colcon.colcon_core.package_identification:_identify(ros_tutorials/turtlesim) by extension 'colcon_pkg'
[0.341s] Level 1:colcon.colcon_core.package_identification:_identify(ros_tutorials/turtlesim) by extensions ['colcon_meta']
[0.341s] Level 1:colcon.colcon_core.package_identification:_identify(ros_tutorials/turtlesim) by extension 'colcon_meta'
[0.341s] Level 1:colcon.colcon_core.package_identification:_identify(ros_tutorials/turtlesim) by extensions ['ros']
[0.341s] Level 1:colcon.colcon_core.package_identification:_identify(ros_tutorials/turtlesim) by extension 'ros'
[0.342s] DEBUG:colcon.colcon_core.package_identification:Package 'ros_tutorials/turtlesim' with type 'ros.ament_cmake' and name 'turtlesim'
[0.342s] Level 1:colcon.colcon_core.package_discovery:discover_packages(recursive) using defaults
[0.342s] Level 1:colcon.colcon_core.package_discovery:discover_packages(ignore) discover
[0.342s] Level 1:colcon.colcon_core.package_discovery:discover_packages(ignore) using defaults
[0.342s] Level 1:colcon.colcon_core.package_discovery:discover_packages(path) discover
[0.342s] Level 1:colcon.colcon_core.package_discovery:discover_packages(path) using defaults
[0.378s] INFO:colcon.colcon_core.package_selection:Skipping not selected package 'cpp_pubsub' in 'cpp_pubsub'
[0.378s] INFO:colcon.colcon_core.package_selection:Skipping not selected package 'my_package' in 'my_package'
[0.378s] INFO:colcon.colcon_core.package_selection:Skipping not selected package 'py_pubsub' in 'py_pubsub'
[0.378s] INFO:colcon.colcon_core.package_selection:Skipping not selected package 'turtlesim' in 'ros_tutorials/turtlesim'
[0.379s] Level 1:colcon.colcon_core.package_discovery:discover_packages(prefix_path) check parameters
[0.379s] Level 1:colcon.colcon_core.package_discovery:discover_packages(prefix_path) discover
[0.381s] DEBUG:colcon.colcon_installed_package_information.package_discovery:Found 22 installed packages in /media/paul/nes/dev/ros2_ws_examples/install
[0.383s] DEBUG:colcon.colcon_installed_package_information.package_discovery:Found 323 installed packages in /opt/ros/humble
[0.385s] Level 1:colcon.colcon_core.package_discovery:discover_packages(prefix_path) using defaults
[0.431s] Level 5:colcon.colcon_core.verb:set package 'cpp_srvcli' build argument 'cmake_args' from command line to 'None'
[0.431s] Level 5:colcon.colcon_core.verb:set package 'cpp_srvcli' build argument 'cmake_target' from command line to 'None'
[0.432s] Level 5:colcon.colcon_core.verb:set package 'cpp_srvcli' build argument 'cmake_target_skip_unavailable' from command line to 'False'
[0.432s] Level 5:colcon.colcon_core.verb:set package 'cpp_srvcli' build argument 'cmake_clean_cache' from command line to 'False'
[0.432s] Level 5:colcon.colcon_core.verb:set package 'cpp_srvcli' build argument 'cmake_clean_first' from command line to 'False'
[0.432s] Level 5:colcon.colcon_core.verb:set package 'cpp_srvcli' build argument 'cmake_force_configure' from command line to 'False'
[0.432s] Level 5:colcon.colcon_core.verb:set package 'cpp_srvcli' build argument 'ament_cmake_args' from command line to 'None'
[0.432s] Level 5:colcon.colcon_core.verb:set package 'cpp_srvcli' build argument 'catkin_cmake_args' from command line to 'None'
[0.432s] Level 5:colcon.colcon_core.verb:set package 'cpp_srvcli' build argument 'catkin_skip_building_tests' from command line to 'False'
[0.432s] DEBUG:colcon.colcon_core.verb:Building package 'cpp_srvcli' with the following arguments: {'ament_cmake_args': None, 'build_base': '/home/paul/ros2_ws/src/build/cpp_srvcli', 'catkin_cmake_args': None, 'catkin_skip_building_tests': False, 'cmake_args': None, 'cmake_clean_cache': False, 'cmake_clean_first': False, 'cmake_force_configure': False, 'cmake_target': None, 'cmake_target_skip_unavailable': False, 'install_base': '/home/paul/ros2_ws/src/install/cpp_srvcli', 'merge_install': False, 'path': '/home/paul/ros2_ws/src/cpp_srvcli', 'symlink_install': False, 'test_result_base': None}
[0.432s] INFO:colcon.colcon_core.executor:Executing jobs using 'parallel' executor
[0.433s] DEBUG:colcon.colcon_parallel_executor.executor.parallel:run_until_complete
[0.434s] INFO:colcon.colcon_ros.task.ament_cmake.build:Building ROS package in '/home/paul/ros2_ws/src/cpp_srvcli' with build type 'ament_cmake'
[0.434s] INFO:colcon.colcon_cmake.task.cmake.build:Building CMake package in '/home/paul/ros2_ws/src/cpp_srvcli'
[0.436s] INFO:colcon.colcon_core.plugin_system:Skipping extension 'colcon_core.shell.bat': Not used on non-Windows systems
[0.436s] INFO:colcon.colcon_core.shell:Skip shell extension 'powershell' for command environment: Not usable outside of PowerShell
[0.436s] DEBUG:colcon.colcon_core.shell:Skip shell extension 'dsv' for command environment
[0.448s] DEBUG:colcon.colcon_core.event_handler.log_command:Invoking command in '/home/paul/ros2_ws/src/build/cpp_srvcli': CMAKE_PREFIX_PATH=${CMAKE_PREFIX_PATH}:/media/paul/nes/dev/ros2_ws_examples/install/launch_testing_examples:/media/paul/nes/dev/ros2_ws_examples/install/examples_rclpy_pointcloud_publisher:/media/paul/nes/dev/ros2_ws_examples/install/examples_rclpy_minimal_subscriber:/media/paul/nes/dev/ros2_ws_examples/install/examples_rclpy_minimal_service:/media/paul/nes/dev/ros2_ws_examples/install/examples_rclpy_minimal_publisher:/media/paul/nes/dev/ros2_ws_examples/install/examples_rclpy_minimal_client:/media/paul/nes/dev/ros2_ws_examples/install/examples_rclpy_minimal_action_server:/media/paul/nes/dev/ros2_ws_examples/install/examples_rclpy_minimal_action_client:/media/paul/nes/dev/ros2_ws_examples/install/examples_rclpy_guard_conditions:/media/paul/nes/dev/ros2_ws_examples/install/examples_rclpy_executors:/opt/ros/humble /usr/bin/cmake /home/paul/ros2_ws/src/cpp_srvcli -DCMAKE_INSTALL_PREFIX=/home/paul/ros2_ws/src/install/cpp_srvcli
[2.266s] DEBUG:colcon.colcon_core.event_handler.log_command:Invoked command in '/home/paul/ros2_ws/src/build/cpp_srvcli' returned '0': CMAKE_PREFIX_PATH=${CMAKE_PREFIX_PATH}:/media/paul/nes/dev/ros2_ws_examples/install/launch_testing_examples:/media/paul/nes/dev/ros2_ws_examples/install/examples_rclpy_pointcloud_publisher:/media/paul/nes/dev/ros2_ws_examples/install/examples_rclpy_minimal_subscriber:/media/paul/nes/dev/ros2_ws_examples/install/examples_rclpy_minimal_service:/media/paul/nes/dev/ros2_ws_examples/install/examples_rclpy_minimal_publisher:/media/paul/nes/dev/ros2_ws_examples/install/examples_rclpy_minimal_client:/media/paul/nes/dev/ros2_ws_examples/install/examples_rclpy_minimal_action_server:/media/paul/nes/dev/ros2_ws_examples/install/examples_rclpy_minimal_action_client:/media/paul/nes/dev/ros2_ws_examples/install/examples_rclpy_guard_conditions:/media/paul/nes/dev/ros2_ws_examples/install/examples_rclpy_executors:/opt/ros/humble /usr/bin/cmake /home/paul/ros2_ws/src/cpp_srvcli -DCMAKE_INSTALL_PREFIX=/home/paul/ros2_ws/src/install/cpp_srvcli
[2.267s] DEBUG:colcon.colcon_core.event_handler.log_command:Invoking command in '/home/paul/ros2_ws/src/build/cpp_srvcli': CMAKE_PREFIX_PATH=${CMAKE_PREFIX_PATH}:/media/paul/nes/dev/ros2_ws_examples/install/launch_testing_examples:/media/paul/nes/dev/ros2_ws_examples/install/examples_rclpy_pointcloud_publisher:/media/paul/nes/dev/ros2_ws_examples/install/examples_rclpy_minimal_subscriber:/media/paul/nes/dev/ros2_ws_examples/install/examples_rclpy_minimal_service:/media/paul/nes/dev/ros2_ws_examples/install/examples_rclpy_minimal_publisher:/media/paul/nes/dev/ros2_ws_examples/install/examples_rclpy_minimal_client:/media/paul/nes/dev/ros2_ws_examples/install/examples_rclpy_minimal_action_server:/media/paul/nes/dev/ros2_ws_examples/install/examples_rclpy_minimal_action_client:/media/paul/nes/dev/ros2_ws_examples/install/examples_rclpy_guard_conditions:/media/paul/nes/dev/ros2_ws_examples/install/examples_rclpy_executors:/opt/ros/humble /usr/bin/cmake --build /home/paul/ros2_ws/src/build/cpp_srvcli -- -j20 -l20
[7.488s] DEBUG:colcon.colcon_core.event_handler.log_command:Invoked command in '/home/paul/ros2_ws/src/build/cpp_srvcli' returned '0': CMAKE_PREFIX_PATH=${CMAKE_PREFIX_PATH}:/media/paul/nes/dev/ros2_ws_examples/install/launch_testing_examples:/media/paul/nes/dev/ros2_ws_examples/install/examples_rclpy_pointcloud_publisher:/media/paul/nes/dev/ros2_ws_examples/install/examples_rclpy_minimal_subscriber:/media/paul/nes/dev/ros2_ws_examples/install/examples_rclpy_minimal_service:/media/paul/nes/dev/ros2_ws_examples/install/examples_rclpy_minimal_publisher:/media/paul/nes/dev/ros2_ws_examples/install/examples_rclpy_minimal_client:/media/paul/nes/dev/ros2_ws_examples/install/examples_rclpy_minimal_action_server:/media/paul/nes/dev/ros2_ws_examples/install/examples_rclpy_minimal_action_client:/media/paul/nes/dev/ros2_ws_examples/install/examples_rclpy_guard_conditions:/media/paul/nes/dev/ros2_ws_examples/install/examples_rclpy_executors:/opt/ros/humble /usr/bin/cmake --build /home/paul/ros2_ws/src/build/cpp_srvcli -- -j20 -l20
[7.503s] DEBUG:colcon.colcon_core.event_handler.log_command:Invoking command in '/home/paul/ros2_ws/src/build/cpp_srvcli': CMAKE_PREFIX_PATH=${CMAKE_PREFIX_PATH}:/media/paul/nes/dev/ros2_ws_examples/install/launch_testing_examples:/media/paul/nes/dev/ros2_ws_examples/install/examples_rclpy_pointcloud_publisher:/media/paul/nes/dev/ros2_ws_examples/install/examples_rclpy_minimal_subscriber:/media/paul/nes/dev/ros2_ws_examples/install/examples_rclpy_minimal_service:/media/paul/nes/dev/ros2_ws_examples/install/examples_rclpy_minimal_publisher:/media/paul/nes/dev/ros2_ws_examples/install/examples_rclpy_minimal_client:/media/paul/nes/dev/ros2_ws_examples/install/examples_rclpy_minimal_action_server:/media/paul/nes/dev/ros2_ws_examples/install/examples_rclpy_minimal_action_client:/media/paul/nes/dev/ros2_ws_examples/install/examples_rclpy_guard_conditions:/media/paul/nes/dev/ros2_ws_examples/install/examples_rclpy_executors:/opt/ros/humble /usr/bin/cmake --install /home/paul/ros2_ws/src/build/cpp_srvcli
[7.520s] Level 1:colcon.colcon_core.environment:create_environment_scripts_only(cpp_srvcli)
[7.521s] DEBUG:colcon.colcon_core.event_handler.log_command:Invoked command in '/home/paul/ros2_ws/src/build/cpp_srvcli' returned '0': CMAKE_PREFIX_PATH=${CMAKE_PREFIX_PATH}:/media/paul/nes/dev/ros2_ws_examples/install/launch_testing_examples:/media/paul/nes/dev/ros2_ws_examples/install/examples_rclpy_pointcloud_publisher:/media/paul/nes/dev/ros2_ws_examples/install/examples_rclpy_minimal_subscriber:/media/paul/nes/dev/ros2_ws_examples/install/examples_rclpy_minimal_service:/media/paul/nes/dev/ros2_ws_examples/install/examples_rclpy_minimal_publisher:/media/paul/nes/dev/ros2_ws_examples/install/examples_rclpy_minimal_client:/media/paul/nes/dev/ros2_ws_examples/install/examples_rclpy_minimal_action_server:/media/paul/nes/dev/ros2_ws_examples/install/examples_rclpy_minimal_action_client:/media/paul/nes/dev/ros2_ws_examples/install/examples_rclpy_guard_conditions:/media/paul/nes/dev/ros2_ws_examples/install/examples_rclpy_executors:/opt/ros/humble /usr/bin/cmake --install /home/paul/ros2_ws/src/build/cpp_srvcli
[7.524s] Level 1:colcon.colcon_core.environment:checking '/home/paul/ros2_ws/src/install/cpp_srvcli' for CMake module files
[7.525s] Level 1:colcon.colcon_core.environment:checking '/home/paul/ros2_ws/src/install/cpp_srvcli' for CMake config files
[7.525s] Level 1:colcon.colcon_core.shell:create_environment_hook('cpp_srvcli', 'cmake_prefix_path')
[7.526s] INFO:colcon.colcon_core.shell:Creating environment hook '/home/paul/ros2_ws/src/install/cpp_srvcli/share/cpp_srvcli/hook/cmake_prefix_path.ps1'
[7.527s] INFO:colcon.colcon_core.shell:Creating environment descriptor '/home/paul/ros2_ws/src/install/cpp_srvcli/share/cpp_srvcli/hook/cmake_prefix_path.dsv'
[7.527s] INFO:colcon.colcon_core.shell:Creating environment hook '/home/paul/ros2_ws/src/install/cpp_srvcli/share/cpp_srvcli/hook/cmake_prefix_path.sh'
[7.528s] Level 1:colcon.colcon_core.environment:checking '/home/paul/ros2_ws/src/install/cpp_srvcli/lib'
[7.529s] Level 1:colcon.colcon_core.environment:checking '/home/paul/ros2_ws/src/install/cpp_srvcli/bin'
[7.529s] Level 1:colcon.colcon_core.environment:checking '/home/paul/ros2_ws/src/install/cpp_srvcli/lib/pkgconfig/cpp_srvcli.pc'
[7.529s] Level 1:colcon.colcon_core.environment:checking '/home/paul/ros2_ws/src/install/cpp_srvcli/lib/python3.10/site-packages'
[7.529s] Level 1:colcon.colcon_core.environment:checking '/home/paul/ros2_ws/src/install/cpp_srvcli/bin'
[7.530s] INFO:colcon.colcon_core.shell:Creating package script '/home/paul/ros2_ws/src/install/cpp_srvcli/share/cpp_srvcli/package.ps1'
[7.531s] INFO:colcon.colcon_core.shell:Creating package descriptor '/home/paul/ros2_ws/src/install/cpp_srvcli/share/cpp_srvcli/package.dsv'
[7.532s] INFO:colcon.colcon_core.shell:Creating package script '/home/paul/ros2_ws/src/install/cpp_srvcli/share/cpp_srvcli/package.sh'
[7.533s] INFO:colcon.colcon_core.shell:Creating package script '/home/paul/ros2_ws/src/install/cpp_srvcli/share/cpp_srvcli/package.bash'
[7.534s] INFO:colcon.colcon_core.shell:Creating package script '/home/paul/ros2_ws/src/install/cpp_srvcli/share/cpp_srvcli/package.zsh'
[7.534s] Level 1:colcon.colcon_core.environment:create_file_with_runtime_dependencies(/home/paul/ros2_ws/src/install/cpp_srvcli/share/colcon-core/packages/cpp_srvcli)
[7.535s] Level 1:colcon.colcon_core.environment:create_environment_scripts_only(cpp_srvcli)
[7.535s] Level 1:colcon.colcon_core.environment:checking '/home/paul/ros2_ws/src/install/cpp_srvcli' for CMake module files
[7.536s] Level 1:colcon.colcon_core.environment:checking '/home/paul/ros2_ws/src/install/cpp_srvcli' for CMake config files
[7.536s] Level 1:colcon.colcon_core.shell:create_environment_hook('cpp_srvcli', 'cmake_prefix_path')
[7.537s] INFO:colcon.colcon_core.shell:Creating environment hook '/home/paul/ros2_ws/src/install/cpp_srvcli/share/cpp_srvcli/hook/cmake_prefix_path.ps1'
[7.537s] INFO:colcon.colcon_core.shell:Creating environment descriptor '/home/paul/ros2_ws/src/install/cpp_srvcli/share/cpp_srvcli/hook/cmake_prefix_path.dsv'
[7.538s] INFO:colcon.colcon_core.shell:Creating environment hook '/home/paul/ros2_ws/src/install/cpp_srvcli/share/cpp_srvcli/hook/cmake_prefix_path.sh'
[7.538s] Level 1:colcon.colcon_core.environment:checking '/home/paul/ros2_ws/src/install/cpp_srvcli/lib'
[7.538s] Level 1:colcon.colcon_core.environment:checking '/home/paul/ros2_ws/src/install/cpp_srvcli/bin'
[7.538s] Level 1:colcon.colcon_core.environment:checking '/home/paul/ros2_ws/src/install/cpp_srvcli/lib/pkgconfig/cpp_srvcli.pc'
[7.539s] Level 1:colcon.colcon_core.environment:checking '/home/paul/ros2_ws/src/install/cpp_srvcli/lib/python3.10/site-packages'
[7.539s] Level 1:colcon.colcon_core.environment:checking '/home/paul/ros2_ws/src/install/cpp_srvcli/bin'
[7.540s] INFO:colcon.colcon_core.shell:Creating package script '/home/paul/ros2_ws/src/install/cpp_srvcli/share/cpp_srvcli/package.ps1'
[7.540s] INFO:colcon.colcon_core.shell:Creating package descriptor '/home/paul/ros2_ws/src/install/cpp_srvcli/share/cpp_srvcli/package.dsv'
[7.541s] INFO:colcon.colcon_core.shell:Creating package script '/home/paul/ros2_ws/src/install/cpp_srvcli/share/cpp_srvcli/package.sh'
[7.541s] INFO:colcon.colcon_core.shell:Creating package script '/home/paul/ros2_ws/src/install/cpp_srvcli/share/cpp_srvcli/package.bash'
[7.542s] INFO:colcon.colcon_core.shell:Creating package script '/home/paul/ros2_ws/src/install/cpp_srvcli/share/cpp_srvcli/package.zsh'
[7.543s] Level 1:colcon.colcon_core.environment:create_file_with_runtime_dependencies(/home/paul/ros2_ws/src/install/cpp_srvcli/share/colcon-core/packages/cpp_srvcli)
[7.543s] DEBUG:colcon.colcon_parallel_executor.executor.parallel:closing loop
[7.544s] DEBUG:colcon.colcon_parallel_executor.executor.parallel:loop closed
[7.544s] DEBUG:colcon.colcon_parallel_executor.executor.parallel:run_until_complete finished with '0'
[7.544s] DEBUG:colcon.colcon_core.event_reactor:joining thread
[7.552s] INFO:colcon.colcon_core.plugin_system:Skipping extension 'colcon_notification.desktop_notification.terminal_notifier': Not used on non-Darwin systems
[7.552s] INFO:colcon.colcon_core.plugin_system:Skipping extension 'colcon_notification.desktop_notification.win32': Not used on non-Windows systems
[7.552s] INFO:colcon.colcon_notification.desktop_notification:Sending desktop notification using 'notify2'
[7.569s] DEBUG:colcon.colcon_core.event_reactor:joined thread
[7.570s] INFO:colcon.colcon_core.shell:Creating prefix script '/home/paul/ros2_ws/src/install/local_setup.ps1'
[7.571s] INFO:colcon.colcon_core.shell:Creating prefix util module '/home/paul/ros2_ws/src/install/_local_setup_util_ps1.py'
[7.573s] INFO:colcon.colcon_core.shell:Creating prefix chain script '/home/paul/ros2_ws/src/install/setup.ps1'
[7.575s] INFO:colcon.colcon_core.shell:Creating prefix script '/home/paul/ros2_ws/src/install/local_setup.sh'
[7.576s] INFO:colcon.colcon_core.shell:Creating prefix util module '/home/paul/ros2_ws/src/install/_local_setup_util_sh.py'
[7.577s] INFO:colcon.colcon_core.shell:Creating prefix chain script '/home/paul/ros2_ws/src/install/setup.sh'
[7.580s] INFO:colcon.colcon_core.shell:Creating prefix script '/home/paul/ros2_ws/src/install/local_setup.bash'
[7.580s] INFO:colcon.colcon_core.shell:Creating prefix chain script '/home/paul/ros2_ws/src/install/setup.bash'
[7.582s] INFO:colcon.colcon_core.shell:Creating prefix script '/home/paul/ros2_ws/src/install/local_setup.zsh'
[7.583s] INFO:colcon.colcon_core.shell:Creating prefix chain script '/home/paul/ros2_ws/src/install/setup.zsh'
