[0.012s] Invoking command in '/home/paul/ros2_ws/src/build/polygon_plugins': AMENT_PREFIX_PATH=/home/paul/ros2_ws/src/install/polygon_base:${AMENT_PREFIX_PATH} CMAKE_PREFIX_PATH=/home/paul/ros2_ws/src/install/polygon_base:/media/paul/nes/dev/ros2_ws_examples/install/examples_rclcpp_wait_set:/media/paul/nes/dev/ros2_ws_examples/install/examples_rclcpp_multithreaded_executor:/media/paul/nes/dev/ros2_ws_examples/install/examples_rclcpp_minimal_timer:/media/paul/nes/dev/ros2_ws_examples/install/examples_rclcpp_minimal_subscriber:/media/paul/nes/dev/ros2_ws_examples/install/examples_rclcpp_minimal_service:/media/paul/nes/dev/ros2_ws_examples/install/examples_rclcpp_minimal_publisher:/media/paul/nes/dev/ros2_ws_examples/install/examples_rclcpp_minimal_composition:/media/paul/nes/dev/ros2_ws_examples/install/examples_rclcpp_minimal_client:/media/paul/nes/dev/ros2_ws_examples/install/examples_rclcpp_minimal_action_server:/media/paul/nes/dev/ros2_ws_examples/install/examples_rclcpp_minimal_action_client:/media/paul/nes/dev/ros2_ws_examples/install/examples_rclcpp_cbg_executor:/media/paul/nes/dev/ros2_ws_examples/install/examples_rclcpp_async_client:/media/paul/nes/dev/ros2_ws_examples/install/launch_testing_examples:/media/paul/nes/dev/ros2_ws_examples/install/examples_rclpy_pointcloud_publisher:/media/paul/nes/dev/ros2_ws_examples/install/examples_rclpy_minimal_subscriber:/media/paul/nes/dev/ros2_ws_examples/install/examples_rclpy_minimal_service:/media/paul/nes/dev/ros2_ws_examples/install/examples_rclpy_minimal_publisher:/media/paul/nes/dev/ros2_ws_examples/install/examples_rclpy_minimal_client:/media/paul/nes/dev/ros2_ws_examples/install/examples_rclpy_minimal_action_server:/media/paul/nes/dev/ros2_ws_examples/install/examples_rclpy_minimal_action_client:/media/paul/nes/dev/ros2_ws_examples/install/examples_rclpy_guard_conditions:/media/paul/nes/dev/ros2_ws_examples/install/examples_rclpy_executors:/opt/ros/humble /usr/bin/cmake /home/paul/ros2_ws/src/polygon_plugins -DCMAKE_INSTALL_PREFIX=/home/paul/ros2_ws/src/install/polygon_plugins
[0.096s] -- The C compiler identification is GNU 11.4.0
[0.173s] -- The CXX compiler identification is GNU 11.4.0
[0.184s] -- Detecting C compiler ABI info
[0.284s] -- Detecting C compiler ABI info - done
[0.296s] -- Check for working C compiler: /usr/bin/cc - skipped
[0.296s] -- Detecting C compile features
[0.297s] -- Detecting C compile features - done
[0.301s] -- Detecting CXX compiler ABI info
[0.426s] -- Detecting CXX compiler ABI info - done
[0.439s] -- Check for working CXX compiler: /usr/bin/c++ - skipped
[0.439s] -- Detecting CXX compile features
[0.440s] -- Detecting CXX compile features - done
[0.446s] -- Found ament_cmake: 1.3.12 (/opt/ros/humble/share/ament_cmake/cmake)
[0.712s] -- Found Python3: /usr/bin/python3 (found version "3.10.12") found components: Interpreter 
[0.863s] -- Found ament_cmake_ros: 0.10.0 (/opt/ros/humble/share/ament_cmake_ros/cmake)
[0.876s] -- Found polygon_base: 0.0.0 (/home/paul/ros2_ws/src/install/polygon_base/share/polygon_base/cmake)
[0.882s] -- Found pluginlib: 5.1.3 (/opt/ros/humble/share/pluginlib/cmake)
[0.955s] -- Found ament_lint_auto: 0.12.14 (/opt/ros/humble/share/ament_lint_auto/cmake)
[1.077s] -- Added test 'cppcheck' to perform static code analysis on C / C++ code
[1.077s] -- Configured cppcheck include dirs: $<BUILD_INTERFACE:/home/paul/ros2_ws/src/polygon_plugins/include>
[1.077s] -- Configured cppcheck exclude dirs and/or files: 
[1.079s] -- Added test 'lint_cmake' to check CMake code style
[1.080s] -- Added test 'uncrustify' to check C / C++ code style
[1.080s] -- Configured uncrustify additional arguments: 
[1.081s] -- Added test 'xmllint' to check XML markup files
[1.085s] -- Configuring done
[1.092s] -- Generating done
[1.095s] -- Build files have been written to: /home/paul/ros2_ws/src/build/polygon_plugins
[1.108s] Invoked command in '/home/paul/ros2_ws/src/build/polygon_plugins' returned '0': AMENT_PREFIX_PATH=/home/paul/ros2_ws/src/install/polygon_base:${AMENT_PREFIX_PATH} CMAKE_PREFIX_PATH=/home/paul/ros2_ws/src/install/polygon_base:/media/paul/nes/dev/ros2_ws_examples/install/examples_rclcpp_wait_set:/media/paul/nes/dev/ros2_ws_examples/install/examples_rclcpp_multithreaded_executor:/media/paul/nes/dev/ros2_ws_examples/install/examples_rclcpp_minimal_timer:/media/paul/nes/dev/ros2_ws_examples/install/examples_rclcpp_minimal_subscriber:/media/paul/nes/dev/ros2_ws_examples/install/examples_rclcpp_minimal_service:/media/paul/nes/dev/ros2_ws_examples/install/examples_rclcpp_minimal_publisher:/media/paul/nes/dev/ros2_ws_examples/install/examples_rclcpp_minimal_composition:/media/paul/nes/dev/ros2_ws_examples/install/examples_rclcpp_minimal_client:/media/paul/nes/dev/ros2_ws_examples/install/examples_rclcpp_minimal_action_server:/media/paul/nes/dev/ros2_ws_examples/install/examples_rclcpp_minimal_action_client:/media/paul/nes/dev/ros2_ws_examples/install/examples_rclcpp_cbg_executor:/media/paul/nes/dev/ros2_ws_examples/install/examples_rclcpp_async_client:/media/paul/nes/dev/ros2_ws_examples/install/launch_testing_examples:/media/paul/nes/dev/ros2_ws_examples/install/examples_rclpy_pointcloud_publisher:/media/paul/nes/dev/ros2_ws_examples/install/examples_rclpy_minimal_subscriber:/media/paul/nes/dev/ros2_ws_examples/install/examples_rclpy_minimal_service:/media/paul/nes/dev/ros2_ws_examples/install/examples_rclpy_minimal_publisher:/media/paul/nes/dev/ros2_ws_examples/install/examples_rclpy_minimal_client:/media/paul/nes/dev/ros2_ws_examples/install/examples_rclpy_minimal_action_server:/media/paul/nes/dev/ros2_ws_examples/install/examples_rclpy_minimal_action_client:/media/paul/nes/dev/ros2_ws_examples/install/examples_rclpy_guard_conditions:/media/paul/nes/dev/ros2_ws_examples/install/examples_rclpy_executors:/opt/ros/humble /usr/bin/cmake /home/paul/ros2_ws/src/polygon_plugins -DCMAKE_INSTALL_PREFIX=/home/paul/ros2_ws/src/install/polygon_plugins
[1.108s] Invoking command in '/home/paul/ros2_ws/src/build/polygon_plugins': AMENT_PREFIX_PATH=/home/paul/ros2_ws/src/install/polygon_base:${AMENT_PREFIX_PATH} CMAKE_PREFIX_PATH=/home/paul/ros2_ws/src/install/polygon_base:/media/paul/nes/dev/ros2_ws_examples/install/examples_rclcpp_wait_set:/media/paul/nes/dev/ros2_ws_examples/install/examples_rclcpp_multithreaded_executor:/media/paul/nes/dev/ros2_ws_examples/install/examples_rclcpp_minimal_timer:/media/paul/nes/dev/ros2_ws_examples/install/examples_rclcpp_minimal_subscriber:/media/paul/nes/dev/ros2_ws_examples/install/examples_rclcpp_minimal_service:/media/paul/nes/dev/ros2_ws_examples/install/examples_rclcpp_minimal_publisher:/media/paul/nes/dev/ros2_ws_examples/install/examples_rclcpp_minimal_composition:/media/paul/nes/dev/ros2_ws_examples/install/examples_rclcpp_minimal_client:/media/paul/nes/dev/ros2_ws_examples/install/examples_rclcpp_minimal_action_server:/media/paul/nes/dev/ros2_ws_examples/install/examples_rclcpp_minimal_action_client:/media/paul/nes/dev/ros2_ws_examples/install/examples_rclcpp_cbg_executor:/media/paul/nes/dev/ros2_ws_examples/install/examples_rclcpp_async_client:/media/paul/nes/dev/ros2_ws_examples/install/launch_testing_examples:/media/paul/nes/dev/ros2_ws_examples/install/examples_rclpy_pointcloud_publisher:/media/paul/nes/dev/ros2_ws_examples/install/examples_rclpy_minimal_subscriber:/media/paul/nes/dev/ros2_ws_examples/install/examples_rclpy_minimal_service:/media/paul/nes/dev/ros2_ws_examples/install/examples_rclpy_minimal_publisher:/media/paul/nes/dev/ros2_ws_examples/install/examples_rclpy_minimal_client:/media/paul/nes/dev/ros2_ws_examples/install/examples_rclpy_minimal_action_server:/media/paul/nes/dev/ros2_ws_examples/install/examples_rclpy_minimal_action_client:/media/paul/nes/dev/ros2_ws_examples/install/examples_rclpy_guard_conditions:/media/paul/nes/dev/ros2_ws_examples/install/examples_rclpy_executors:/opt/ros/humble /usr/bin/cmake --build /home/paul/ros2_ws/src/build/polygon_plugins -- -j20 -l20
[1.173s] [ 50%] [32mBuilding CXX object CMakeFiles/polygon_plugins.dir/src/polygon_plugins.cpp.o[0m
[1.871s] [100%] [32m[1mLinking CXX shared library libpolygon_plugins.so[0m
[1.983s] [100%] Built target polygon_plugins
[2.000s] Invoked command in '/home/paul/ros2_ws/src/build/polygon_plugins' returned '0': AMENT_PREFIX_PATH=/home/paul/ros2_ws/src/install/polygon_base:${AMENT_PREFIX_PATH} CMAKE_PREFIX_PATH=/home/paul/ros2_ws/src/install/polygon_base:/media/paul/nes/dev/ros2_ws_examples/install/examples_rclcpp_wait_set:/media/paul/nes/dev/ros2_ws_examples/install/examples_rclcpp_multithreaded_executor:/media/paul/nes/dev/ros2_ws_examples/install/examples_rclcpp_minimal_timer:/media/paul/nes/dev/ros2_ws_examples/install/examples_rclcpp_minimal_subscriber:/media/paul/nes/dev/ros2_ws_examples/install/examples_rclcpp_minimal_service:/media/paul/nes/dev/ros2_ws_examples/install/examples_rclcpp_minimal_publisher:/media/paul/nes/dev/ros2_ws_examples/install/examples_rclcpp_minimal_composition:/media/paul/nes/dev/ros2_ws_examples/install/examples_rclcpp_minimal_client:/media/paul/nes/dev/ros2_ws_examples/install/examples_rclcpp_minimal_action_server:/media/paul/nes/dev/ros2_ws_examples/install/examples_rclcpp_minimal_action_client:/media/paul/nes/dev/ros2_ws_examples/install/examples_rclcpp_cbg_executor:/media/paul/nes/dev/ros2_ws_examples/install/examples_rclcpp_async_client:/media/paul/nes/dev/ros2_ws_examples/install/launch_testing_examples:/media/paul/nes/dev/ros2_ws_examples/install/examples_rclpy_pointcloud_publisher:/media/paul/nes/dev/ros2_ws_examples/install/examples_rclpy_minimal_subscriber:/media/paul/nes/dev/ros2_ws_examples/install/examples_rclpy_minimal_service:/media/paul/nes/dev/ros2_ws_examples/install/examples_rclpy_minimal_publisher:/media/paul/nes/dev/ros2_ws_examples/install/examples_rclpy_minimal_client:/media/paul/nes/dev/ros2_ws_examples/install/examples_rclpy_minimal_action_server:/media/paul/nes/dev/ros2_ws_examples/install/examples_rclpy_minimal_action_client:/media/paul/nes/dev/ros2_ws_examples/install/examples_rclpy_guard_conditions:/media/paul/nes/dev/ros2_ws_examples/install/examples_rclpy_executors:/opt/ros/humble /usr/bin/cmake --build /home/paul/ros2_ws/src/build/polygon_plugins -- -j20 -l20
[2.002s] Invoking command in '/home/paul/ros2_ws/src/build/polygon_plugins': AMENT_PREFIX_PATH=/home/paul/ros2_ws/src/install/polygon_base:${AMENT_PREFIX_PATH} CMAKE_PREFIX_PATH=/home/paul/ros2_ws/src/install/polygon_base:/media/paul/nes/dev/ros2_ws_examples/install/examples_rclcpp_wait_set:/media/paul/nes/dev/ros2_ws_examples/install/examples_rclcpp_multithreaded_executor:/media/paul/nes/dev/ros2_ws_examples/install/examples_rclcpp_minimal_timer:/media/paul/nes/dev/ros2_ws_examples/install/examples_rclcpp_minimal_subscriber:/media/paul/nes/dev/ros2_ws_examples/install/examples_rclcpp_minimal_service:/media/paul/nes/dev/ros2_ws_examples/install/examples_rclcpp_minimal_publisher:/media/paul/nes/dev/ros2_ws_examples/install/examples_rclcpp_minimal_composition:/media/paul/nes/dev/ros2_ws_examples/install/examples_rclcpp_minimal_client:/media/paul/nes/dev/ros2_ws_examples/install/examples_rclcpp_minimal_action_server:/media/paul/nes/dev/ros2_ws_examples/install/examples_rclcpp_minimal_action_client:/media/paul/nes/dev/ros2_ws_examples/install/examples_rclcpp_cbg_executor:/media/paul/nes/dev/ros2_ws_examples/install/examples_rclcpp_async_client:/media/paul/nes/dev/ros2_ws_examples/install/launch_testing_examples:/media/paul/nes/dev/ros2_ws_examples/install/examples_rclpy_pointcloud_publisher:/media/paul/nes/dev/ros2_ws_examples/install/examples_rclpy_minimal_subscriber:/media/paul/nes/dev/ros2_ws_examples/install/examples_rclpy_minimal_service:/media/paul/nes/dev/ros2_ws_examples/install/examples_rclpy_minimal_publisher:/media/paul/nes/dev/ros2_ws_examples/install/examples_rclpy_minimal_client:/media/paul/nes/dev/ros2_ws_examples/install/examples_rclpy_minimal_action_server:/media/paul/nes/dev/ros2_ws_examples/install/examples_rclpy_minimal_action_client:/media/paul/nes/dev/ros2_ws_examples/install/examples_rclpy_guard_conditions:/media/paul/nes/dev/ros2_ws_examples/install/examples_rclpy_executors:/opt/ros/humble /usr/bin/cmake --install /home/paul/ros2_ws/src/build/polygon_plugins
[2.011s] -- Install configuration: ""
[2.011s] -- Installing: /home/paul/ros2_ws/src/install/polygon_plugins/share/polygon_plugins/plugins.xml
[2.011s] -- Installing: /home/paul/ros2_ws/src/install/polygon_plugins/include
[2.012s] -- Installing: /home/paul/ros2_ws/src/install/polygon_plugins/include/polygon_plugins
[2.012s] -- Installing: /home/paul/ros2_ws/src/install/polygon_plugins/include/polygon_plugins/polygon_plugins.hpp
[2.012s] -- Installing: /home/paul/ros2_ws/src/install/polygon_plugins/include/polygon_plugins/visibility_control.h
[2.012s] -- Installing: /home/paul/ros2_ws/src/install/polygon_plugins/lib/libpolygon_plugins.so
[2.012s] -- Set runtime path of "/home/paul/ros2_ws/src/install/polygon_plugins/lib/libpolygon_plugins.so" to ""
[2.012s] -- Installing: /home/paul/ros2_ws/src/install/polygon_plugins/share/polygon_plugins/environment/library_path.sh
[2.012s] -- Installing: /home/paul/ros2_ws/src/install/polygon_plugins/share/polygon_plugins/environment/library_path.dsv
[2.012s] -- Installing: /home/paul/ros2_ws/src/install/polygon_plugins/share/ament_index/resource_index/package_run_dependencies/polygon_plugins
[2.013s] -- Installing: /home/paul/ros2_ws/src/install/polygon_plugins/share/ament_index/resource_index/parent_prefix_path/polygon_plugins
[2.013s] -- Installing: /home/paul/ros2_ws/src/install/polygon_plugins/share/polygon_plugins/environment/ament_prefix_path.sh
[2.013s] -- Installing: /home/paul/ros2_ws/src/install/polygon_plugins/share/polygon_plugins/environment/ament_prefix_path.dsv
[2.013s] -- Installing: /home/paul/ros2_ws/src/install/polygon_plugins/share/polygon_plugins/environment/path.sh
[2.013s] -- Installing: /home/paul/ros2_ws/src/install/polygon_plugins/share/polygon_plugins/environment/path.dsv
[2.013s] -- Installing: /home/paul/ros2_ws/src/install/polygon_plugins/share/polygon_plugins/local_setup.bash
[2.013s] -- Installing: /home/paul/ros2_ws/src/install/polygon_plugins/share/polygon_plugins/local_setup.sh
[2.013s] -- Installing: /home/paul/ros2_ws/src/install/polygon_plugins/share/polygon_plugins/local_setup.zsh
[2.013s] -- Installing: /home/paul/ros2_ws/src/install/polygon_plugins/share/polygon_plugins/local_setup.dsv
[2.014s] -- Installing: /home/paul/ros2_ws/src/install/polygon_plugins/share/polygon_plugins/package.dsv
[2.014s] -- Installing: /home/paul/ros2_ws/src/install/polygon_plugins/share/ament_index/resource_index/packages/polygon_plugins
[2.014s] -- Installing: /home/paul/ros2_ws/src/install/polygon_plugins/share/ament_index/resource_index/polygon_base__pluginlib__plugin/polygon_plugins
[2.014s] -- Installing: /home/paul/ros2_ws/src/install/polygon_plugins/share/polygon_plugins/cmake/export_polygon_pluginsExport.cmake
[2.014s] -- Installing: /home/paul/ros2_ws/src/install/polygon_plugins/share/polygon_plugins/cmake/export_polygon_pluginsExport-noconfig.cmake
[2.014s] -- Installing: /home/paul/ros2_ws/src/install/polygon_plugins/share/polygon_plugins/cmake/ament_cmake_export_include_directories-extras.cmake
[2.014s] -- Installing: /home/paul/ros2_ws/src/install/polygon_plugins/share/polygon_plugins/cmake/ament_cmake_export_libraries-extras.cmake
[2.014s] -- Installing: /home/paul/ros2_ws/src/install/polygon_plugins/share/polygon_plugins/cmake/ament_cmake_export_targets-extras.cmake
[2.015s] -- Installing: /home/paul/ros2_ws/src/install/polygon_plugins/share/polygon_plugins/cmake/polygon_pluginsConfig.cmake
[2.015s] -- Installing: /home/paul/ros2_ws/src/install/polygon_plugins/share/polygon_plugins/cmake/polygon_pluginsConfig-version.cmake
[2.015s] -- Installing: /home/paul/ros2_ws/src/install/polygon_plugins/share/polygon_plugins/package.xml
[2.017s] Invoked command in '/home/paul/ros2_ws/src/build/polygon_plugins' returned '0': AMENT_PREFIX_PATH=/home/paul/ros2_ws/src/install/polygon_base:${AMENT_PREFIX_PATH} CMAKE_PREFIX_PATH=/home/paul/ros2_ws/src/install/polygon_base:/media/paul/nes/dev/ros2_ws_examples/install/examples_rclcpp_wait_set:/media/paul/nes/dev/ros2_ws_examples/install/examples_rclcpp_multithreaded_executor:/media/paul/nes/dev/ros2_ws_examples/install/examples_rclcpp_minimal_timer:/media/paul/nes/dev/ros2_ws_examples/install/examples_rclcpp_minimal_subscriber:/media/paul/nes/dev/ros2_ws_examples/install/examples_rclcpp_minimal_service:/media/paul/nes/dev/ros2_ws_examples/install/examples_rclcpp_minimal_publisher:/media/paul/nes/dev/ros2_ws_examples/install/examples_rclcpp_minimal_composition:/media/paul/nes/dev/ros2_ws_examples/install/examples_rclcpp_minimal_client:/media/paul/nes/dev/ros2_ws_examples/install/examples_rclcpp_minimal_action_server:/media/paul/nes/dev/ros2_ws_examples/install/examples_rclcpp_minimal_action_client:/media/paul/nes/dev/ros2_ws_examples/install/examples_rclcpp_cbg_executor:/media/paul/nes/dev/ros2_ws_examples/install/examples_rclcpp_async_client:/media/paul/nes/dev/ros2_ws_examples/install/launch_testing_examples:/media/paul/nes/dev/ros2_ws_examples/install/examples_rclpy_pointcloud_publisher:/media/paul/nes/dev/ros2_ws_examples/install/examples_rclpy_minimal_subscriber:/media/paul/nes/dev/ros2_ws_examples/install/examples_rclpy_minimal_service:/media/paul/nes/dev/ros2_ws_examples/install/examples_rclpy_minimal_publisher:/media/paul/nes/dev/ros2_ws_examples/install/examples_rclpy_minimal_client:/media/paul/nes/dev/ros2_ws_examples/install/examples_rclpy_minimal_action_server:/media/paul/nes/dev/ros2_ws_examples/install/examples_rclpy_minimal_action_client:/media/paul/nes/dev/ros2_ws_examples/install/examples_rclpy_guard_conditions:/media/paul/nes/dev/ros2_ws_examples/install/examples_rclpy_executors:/opt/ros/humble /usr/bin/cmake --install /home/paul/ros2_ws/src/build/polygon_plugins
