[0.016s] Invoking command in '/home/paul/ros2_ws/src/build/polygon_base': CMAKE_PREFIX_PATH=${CMAKE_PREFIX_PATH}:/media/paul/nes/dev/ros2_ws_examples/install/launch_testing_examples:/media/paul/nes/dev/ros2_ws_examples/install/examples_rclpy_pointcloud_publisher:/media/paul/nes/dev/ros2_ws_examples/install/examples_rclpy_minimal_subscriber:/media/paul/nes/dev/ros2_ws_examples/install/examples_rclpy_minimal_service:/media/paul/nes/dev/ros2_ws_examples/install/examples_rclpy_minimal_publisher:/media/paul/nes/dev/ros2_ws_examples/install/examples_rclpy_minimal_client:/media/paul/nes/dev/ros2_ws_examples/install/examples_rclpy_minimal_action_server:/media/paul/nes/dev/ros2_ws_examples/install/examples_rclpy_minimal_action_client:/media/paul/nes/dev/ros2_ws_examples/install/examples_rclpy_guard_conditions:/media/paul/nes/dev/ros2_ws_examples/install/examples_rclpy_executors:/opt/ros/humble /usr/bin/cmake --build /home/paul/ros2_ws/src/build/polygon_base -- -j20 -l20
[0.094s] [ 50%] [32mBuilding CXX object CMakeFiles/area_node.dir/src/area_node.cpp.o[0m
[3.520s] [100%] [32m[1mLinking CXX executable area_node[0m
[3.701s] [100%] Built target area_node
[3.717s] Invoked command in '/home/paul/ros2_ws/src/build/polygon_base' returned '0': CMAKE_PREFIX_PATH=${CMAKE_PREFIX_PATH}:/media/paul/nes/dev/ros2_ws_examples/install/launch_testing_examples:/media/paul/nes/dev/ros2_ws_examples/install/examples_rclpy_pointcloud_publisher:/media/paul/nes/dev/ros2_ws_examples/install/examples_rclpy_minimal_subscriber:/media/paul/nes/dev/ros2_ws_examples/install/examples_rclpy_minimal_service:/media/paul/nes/dev/ros2_ws_examples/install/examples_rclpy_minimal_publisher:/media/paul/nes/dev/ros2_ws_examples/install/examples_rclpy_minimal_client:/media/paul/nes/dev/ros2_ws_examples/install/examples_rclpy_minimal_action_server:/media/paul/nes/dev/ros2_ws_examples/install/examples_rclpy_minimal_action_client:/media/paul/nes/dev/ros2_ws_examples/install/examples_rclpy_guard_conditions:/media/paul/nes/dev/ros2_ws_examples/install/examples_rclpy_executors:/opt/ros/humble /usr/bin/cmake --build /home/paul/ros2_ws/src/build/polygon_base -- -j20 -l20
[3.729s] Invoking command in '/home/paul/ros2_ws/src/build/polygon_base': CMAKE_PREFIX_PATH=${CMAKE_PREFIX_PATH}:/media/paul/nes/dev/ros2_ws_examples/install/launch_testing_examples:/media/paul/nes/dev/ros2_ws_examples/install/examples_rclpy_pointcloud_publisher:/media/paul/nes/dev/ros2_ws_examples/install/examples_rclpy_minimal_subscriber:/media/paul/nes/dev/ros2_ws_examples/install/examples_rclpy_minimal_service:/media/paul/nes/dev/ros2_ws_examples/install/examples_rclpy_minimal_publisher:/media/paul/nes/dev/ros2_ws_examples/install/examples_rclpy_minimal_client:/media/paul/nes/dev/ros2_ws_examples/install/examples_rclpy_minimal_action_server:/media/paul/nes/dev/ros2_ws_examples/install/examples_rclpy_minimal_action_client:/media/paul/nes/dev/ros2_ws_examples/install/examples_rclpy_guard_conditions:/media/paul/nes/dev/ros2_ws_examples/install/examples_rclpy_executors:/opt/ros/humble /usr/bin/cmake --install /home/paul/ros2_ws/src/build/polygon_base
[3.740s] -- Install configuration: ""
[3.740s] -- Installing: /home/paul/ros2_ws/src/install/polygon_base/include/polygon_base
[3.740s] -- Installing: /home/paul/ros2_ws/src/install/polygon_base/include/polygon_base/polygon_base
[3.740s] -- Installing: /home/paul/ros2_ws/src/install/polygon_base/include/polygon_base/polygon_base/regular_polygon.hpp
[3.741s] -- Installing: /home/paul/ros2_ws/src/install/polygon_base/share/polygon_base/cmake/export_polygon_base.cmake
[3.741s] -- Installing: /home/paul/ros2_ws/src/install/polygon_base/lib/polygon_base/area_node
[3.742s] -- Set runtime path of "/home/paul/ros2_ws/src/install/polygon_base/lib/polygon_base/area_node" to ""
[3.742s] -- Installing: /home/paul/ros2_ws/src/install/polygon_base/share/ament_index/resource_index/package_run_dependencies/polygon_base
[3.742s] -- Installing: /home/paul/ros2_ws/src/install/polygon_base/share/ament_index/resource_index/parent_prefix_path/polygon_base
[3.742s] -- Installing: /home/paul/ros2_ws/src/install/polygon_base/share/polygon_base/environment/ament_prefix_path.sh
[3.742s] -- Installing: /home/paul/ros2_ws/src/install/polygon_base/share/polygon_base/environment/ament_prefix_path.dsv
[3.742s] -- Installing: /home/paul/ros2_ws/src/install/polygon_base/share/polygon_base/environment/path.sh
[3.743s] -- Installing: /home/paul/ros2_ws/src/install/polygon_base/share/polygon_base/environment/path.dsv
[3.743s] -- Installing: /home/paul/ros2_ws/src/install/polygon_base/share/polygon_base/local_setup.bash
[3.743s] -- Installing: /home/paul/ros2_ws/src/install/polygon_base/share/polygon_base/local_setup.sh
[3.743s] -- Installing: /home/paul/ros2_ws/src/install/polygon_base/share/polygon_base/local_setup.zsh
[3.743s] -- Installing: /home/paul/ros2_ws/src/install/polygon_base/share/polygon_base/local_setup.dsv
[3.743s] -- Up-to-date: /home/paul/ros2_ws/src/install/polygon_base/share/polygon_base/package.dsv
[3.743s] -- Installing: /home/paul/ros2_ws/src/install/polygon_base/share/ament_index/resource_index/packages/polygon_base
[3.743s] -- Installing: /home/paul/ros2_ws/src/install/polygon_base/share/polygon_base/cmake/export_polygon_baseExport.cmake
[3.743s] -- Installing: /home/paul/ros2_ws/src/install/polygon_base/share/polygon_base/cmake/ament_cmake_export_include_directories-extras.cmake
[3.743s] -- Installing: /home/paul/ros2_ws/src/install/polygon_base/share/polygon_base/cmake/ament_cmake_export_targets-extras.cmake
[3.744s] -- Installing: /home/paul/ros2_ws/src/install/polygon_base/share/polygon_base/cmake/polygon_baseConfig.cmake
[3.744s] -- Installing: /home/paul/ros2_ws/src/install/polygon_base/share/polygon_base/cmake/polygon_baseConfig-version.cmake
[3.744s] -- Installing: /home/paul/ros2_ws/src/install/polygon_base/share/polygon_base/package.xml
[3.746s] Invoked command in '/home/paul/ros2_ws/src/build/polygon_base' returned '0': CMAKE_PREFIX_PATH=${CMAKE_PREFIX_PATH}:/media/paul/nes/dev/ros2_ws_examples/install/launch_testing_examples:/media/paul/nes/dev/ros2_ws_examples/install/examples_rclpy_pointcloud_publisher:/media/paul/nes/dev/ros2_ws_examples/install/examples_rclpy_minimal_subscriber:/media/paul/nes/dev/ros2_ws_examples/install/examples_rclpy_minimal_service:/media/paul/nes/dev/ros2_ws_examples/install/examples_rclpy_minimal_publisher:/media/paul/nes/dev/ros2_ws_examples/install/examples_rclpy_minimal_client:/media/paul/nes/dev/ros2_ws_examples/install/examples_rclpy_minimal_action_server:/media/paul/nes/dev/ros2_ws_examples/install/examples_rclpy_minimal_action_client:/media/paul/nes/dev/ros2_ws_examples/install/examples_rclpy_guard_conditions:/media/paul/nes/dev/ros2_ws_examples/install/examples_rclpy_executors:/opt/ros/humble /usr/bin/cmake --install /home/paul/ros2_ws/src/build/polygon_base
